0 verbose cli C:\Program Files\nodejs\node.exe C:\Users\Krishna jadhav\Desktop\web\reactLearnings\%APPDATA%\npm\node_modules\npm\bin\npm-cli.js
1 info using npm@10.9.1
2 info using node@v20.17.0
3 silly config load:file:C:\Users\Krishna jadhav\Desktop\web\reactLearnings\%APPDATA%\npm\node_modules\npm\npmrc
4 silly config load:file:C:\Users\Krishna jadhav\Desktop\web\.npmrc
5 silly config load:file:C:\Users\Krishna jadhav\.npmrc
6 silly config load:file:C:\Users\Krishna jadhav\Desktop\web\reactLearnings\%APPDATA%\npm\etc\npmrc
7 verbose title npm i
8 verbose argv "i"
9 verbose logfile logs-max:10 dir:C:\Users\Krishna jadhav\Desktop\web\reactLearnings\%LOCALAPPDATA%\npm-cache\_logs\2024-12-16T13_31_48_694Z-
10 verbose logfile C:\Users\Krishna jadhav\Desktop\web\reactLearnings\%LOCALAPPDATA%\npm-cache\_logs\2024-12-16T13_31_48_694Z-debug-0.log
11 silly logfile start cleaning logs, removing 1 files
12 silly packumentCache heap:2197815296 maxSize:549453824 maxEntrySize:274726912
13 silly logfile done cleaning log files
14 silly idealTree buildDeps
15 verbose shrinkwrap failed to load node_modules/.package-lock.json out of date, updated: node_modules
16 silly reify moves {}
17 silly audit bulk request {
17 silly audit   '@esbuild/aix-ppc64': [ '0.24.0' ],
17 silly audit   '@esbuild/android-arm': [ '0.24.0' ],
17 silly audit   '@esbuild/android-arm64': [ '0.24.0' ],
17 silly audit   '@esbuild/android-x64': [ '0.24.0' ],
17 silly audit   '@esbuild/darwin-arm64': [ '0.24.0' ],
17 silly audit   '@esbuild/darwin-x64': [ '0.24.0' ],
17 silly audit   '@esbuild/freebsd-arm64': [ '0.24.0' ],
17 silly audit   '@esbuild/freebsd-x64': [ '0.24.0' ],
17 silly audit   '@esbuild/linux-arm': [ '0.24.0' ],
17 silly audit   '@esbuild/linux-arm64': [ '0.24.0' ],
17 silly audit   '@esbuild/linux-ia32': [ '0.24.0' ],
17 silly audit   '@esbuild/linux-loong64': [ '0.24.0' ],
17 silly audit   '@esbuild/linux-mips64el': [ '0.24.0' ],
17 silly audit   '@esbuild/linux-ppc64': [ '0.24.0' ],
17 silly audit   '@esbuild/linux-riscv64': [ '0.24.0' ],
17 silly audit   '@esbuild/linux-s390x': [ '0.24.0' ],
17 silly audit   '@esbuild/linux-x64': [ '0.24.0' ],
17 silly audit   '@esbuild/netbsd-x64': [ '0.24.0' ],
17 silly audit   '@esbuild/openbsd-arm64': [ '0.24.0' ],
17 silly audit   '@esbuild/openbsd-x64': [ '0.24.0' ],
17 silly audit   '@esbuild/sunos-x64': [ '0.24.0' ],
17 silly audit   '@esbuild/win32-arm64': [ '0.24.0' ],
17 silly audit   '@esbuild/win32-ia32': [ '0.24.0' ],
17 silly audit   '@esbuild/win32-x64': [ '0.24.0' ],
17 silly audit   '@rollup/rollup-android-arm-eabi': [ '4.28.0' ],
17 silly audit   '@rollup/rollup-android-arm64': [ '4.28.0' ],
17 silly audit   '@rollup/rollup-darwin-arm64': [ '4.28.0' ],
17 silly audit   '@rollup/rollup-darwin-x64': [ '4.28.0' ],
17 silly audit   '@rollup/rollup-freebsd-arm64': [ '4.28.0' ],
17 silly audit   '@rollup/rollup-freebsd-x64': [ '4.28.0' ],
17 silly audit   '@rollup/rollup-linux-arm-gnueabihf': [ '4.28.0' ],
17 silly audit   '@rollup/rollup-linux-arm-musleabihf': [ '4.28.0' ],
17 silly audit   '@rollup/rollup-linux-arm64-gnu': [ '4.28.0' ],
17 silly audit   '@rollup/rollup-linux-arm64-musl': [ '4.28.0' ],
17 silly audit   '@rollup/rollup-linux-powerpc64le-gnu': [ '4.28.0' ],
17 silly audit   '@rollup/rollup-linux-riscv64-gnu': [ '4.28.0' ],
17 silly audit   '@rollup/rollup-linux-s390x-gnu': [ '4.28.0' ],
17 silly audit   '@rollup/rollup-linux-x64-gnu': [ '4.28.0' ],
17 silly audit   '@rollup/rollup-linux-x64-musl': [ '4.28.0' ],
17 silly audit   '@rollup/rollup-win32-arm64-msvc': [ '4.28.0' ],
17 silly audit   '@rollup/rollup-win32-ia32-msvc': [ '4.28.0' ],
17 silly audit   '@rollup/rollup-win32-x64-msvc': [ '4.28.0' ],
17 silly audit   '@types/estree': [ '1.0.6' ],
17 silly audit   esbuild: [ '0.24.0' ],
17 silly audit   fsevents: [ '2.3.3' ],
17 silly audit   nanoid: [ '3.3.8' ],
17 silly audit   picocolors: [ '1.1.1' ],
17 silly audit   postcss: [ '8.4.49' ],
17 silly audit   rollup: [ '4.28.0' ],
17 silly audit   'source-map-js': [ '1.2.1' ],
17 silly audit   vite: [ '6.0.3' ]
17 silly audit }
18 verbose reify failed optional dependency C:\Users\Krishna jadhav\Desktop\web\node_modules\fsevents
19 silly reify mark deleted [ 'C:\\Users\\Krishna jadhav\\Desktop\\web\\node_modules\\fsevents' ]
20 verbose reify failed optional dependency C:\Users\Krishna jadhav\Desktop\web\node_modules\@rollup\rollup-win32-ia32-msvc
21 silly reify mark deleted [
21 silly reify   'C:\\Users\\Krishna jadhav\\Desktop\\web\\node_modules\\@rollup\\rollup-win32-ia32-msvc'
21 silly reify ]
22 verbose reify failed optional dependency C:\Users\Krishna jadhav\Desktop\web\node_modules\@rollup\rollup-win32-arm64-msvc
23 silly reify mark deleted [
23 silly reify   'C:\\Users\\Krishna jadhav\\Desktop\\web\\node_modules\\@rollup\\rollup-win32-arm64-msvc'
23 silly reify ]
24 verbose reify failed optional dependency C:\Users\Krishna jadhav\Desktop\web\node_modules\@rollup\rollup-linux-x64-musl
25 silly reify mark deleted [
25 silly reify   'C:\\Users\\Krishna jadhav\\Desktop\\web\\node_modules\\@rollup\\rollup-linux-x64-musl'
25 silly reify ]
26 verbose reify failed optional dependency C:\Users\Krishna jadhav\Desktop\web\node_modules\@rollup\rollup-linux-x64-gnu
27 silly reify mark deleted [
27 silly reify   'C:\\Users\\Krishna jadhav\\Desktop\\web\\node_modules\\@rollup\\rollup-linux-x64-gnu'
27 silly reify ]
28 verbose reify failed optional dependency C:\Users\Krishna jadhav\Desktop\web\node_modules\@rollup\rollup-linux-s390x-gnu
29 silly reify mark deleted [
29 silly reify   'C:\\Users\\Krishna jadhav\\Desktop\\web\\node_modules\\@rollup\\rollup-linux-s390x-gnu'
29 silly reify ]
30 verbose reify failed optional dependency C:\Users\Krishna jadhav\Desktop\web\node_modules\@rollup\rollup-linux-riscv64-gnu
31 silly reify mark deleted [
31 silly reify   'C:\\Users\\Krishna jadhav\\Desktop\\web\\node_modules\\@rollup\\rollup-linux-riscv64-gnu'
31 silly reify ]
32 verbose reify failed optional dependency C:\Users\Krishna jadhav\Desktop\web\node_modules\@rollup\rollup-linux-powerpc64le-gnu
33 silly reify mark deleted [
33 silly reify   'C:\\Users\\Krishna jadhav\\Desktop\\web\\node_modules\\@rollup\\rollup-linux-powerpc64le-gnu'
33 silly reify ]
34 verbose reify failed optional dependency C:\Users\Krishna jadhav\Desktop\web\node_modules\@rollup\rollup-linux-arm64-musl
35 silly reify mark deleted [
35 silly reify   'C:\\Users\\Krishna jadhav\\Desktop\\web\\node_modules\\@rollup\\rollup-linux-arm64-musl'
35 silly reify ]
36 verbose reify failed optional dependency C:\Users\Krishna jadhav\Desktop\web\node_modules\@rollup\rollup-linux-arm64-gnu
37 silly reify mark deleted [
37 silly reify   'C:\\Users\\Krishna jadhav\\Desktop\\web\\node_modules\\@rollup\\rollup-linux-arm64-gnu'
37 silly reify ]
38 verbose reify failed optional dependency C:\Users\Krishna jadhav\Desktop\web\node_modules\@rollup\rollup-linux-arm-musleabihf
39 silly reify mark deleted [
39 silly reify   'C:\\Users\\Krishna jadhav\\Desktop\\web\\node_modules\\@rollup\\rollup-linux-arm-musleabihf'
39 silly reify ]
40 verbose reify failed optional dependency C:\Users\Krishna jadhav\Desktop\web\node_modules\@rollup\rollup-linux-arm-gnueabihf
41 silly reify mark deleted [
41 silly reify   'C:\\Users\\Krishna jadhav\\Desktop\\web\\node_modules\\@rollup\\rollup-linux-arm-gnueabihf'
41 silly reify ]
42 verbose reify failed optional dependency C:\Users\Krishna jadhav\Desktop\web\node_modules\@rollup\rollup-freebsd-x64
43 silly reify mark deleted [
43 silly reify   'C:\\Users\\Krishna jadhav\\Desktop\\web\\node_modules\\@rollup\\rollup-freebsd-x64'
43 silly reify ]
44 verbose reify failed optional dependency C:\Users\Krishna jadhav\Desktop\web\node_modules\@rollup\rollup-freebsd-arm64
45 silly reify mark deleted [
45 silly reify   'C:\\Users\\Krishna jadhav\\Desktop\\web\\node_modules\\@rollup\\rollup-freebsd-arm64'
45 silly reify ]
46 verbose reify failed optional dependency C:\Users\Krishna jadhav\Desktop\web\node_modules\@rollup\rollup-darwin-x64
47 silly reify mark deleted [
47 silly reify   'C:\\Users\\Krishna jadhav\\Desktop\\web\\node_modules\\@rollup\\rollup-darwin-x64'
47 silly reify ]
48 verbose reify failed optional dependency C:\Users\Krishna jadhav\Desktop\web\node_modules\@rollup\rollup-darwin-arm64
49 silly reify mark deleted [
49 silly reify   'C:\\Users\\Krishna jadhav\\Desktop\\web\\node_modules\\@rollup\\rollup-darwin-arm64'
49 silly reify ]
50 verbose reify failed optional dependency C:\Users\Krishna jadhav\Desktop\web\node_modules\@rollup\rollup-android-arm64
51 silly reify mark deleted [
51 silly reify   'C:\\Users\\Krishna jadhav\\Desktop\\web\\node_modules\\@rollup\\rollup-android-arm64'
51 silly reify ]
52 verbose reify failed optional dependency C:\Users\Krishna jadhav\Desktop\web\node_modules\@rollup\rollup-android-arm-eabi
53 silly reify mark deleted [
53 silly reify   'C:\\Users\\Krishna jadhav\\Desktop\\web\\node_modules\\@rollup\\rollup-android-arm-eabi'
53 silly reify ]
54 verbose reify failed optional dependency C:\Users\Krishna jadhav\Desktop\web\node_modules\@esbuild\win32-ia32
55 silly reify mark deleted [
55 silly reify   'C:\\Users\\Krishna jadhav\\Desktop\\web\\node_modules\\@esbuild\\win32-ia32'
55 silly reify ]
56 verbose reify failed optional dependency C:\Users\Krishna jadhav\Desktop\web\node_modules\@esbuild\win32-arm64
57 silly reify mark deleted [
57 silly reify   'C:\\Users\\Krishna jadhav\\Desktop\\web\\node_modules\\@esbuild\\win32-arm64'
57 silly reify ]
58 verbose reify failed optional dependency C:\Users\Krishna jadhav\Desktop\web\node_modules\@esbuild\sunos-x64
59 silly reify mark deleted [
59 silly reify   'C:\\Users\\Krishna jadhav\\Desktop\\web\\node_modules\\@esbuild\\sunos-x64'
59 silly reify ]
60 verbose reify failed optional dependency C:\Users\Krishna jadhav\Desktop\web\node_modules\@esbuild\openbsd-x64
61 silly reify mark deleted [
61 silly reify   'C:\\Users\\Krishna jadhav\\Desktop\\web\\node_modules\\@esbuild\\openbsd-x64'
61 silly reify ]
62 verbose reify failed optional dependency C:\Users\Krishna jadhav\Desktop\web\node_modules\@esbuild\openbsd-arm64
63 silly reify mark deleted [
63 silly reify   'C:\\Users\\Krishna jadhav\\Desktop\\web\\node_modules\\@esbuild\\openbsd-arm64'
63 silly reify ]
64 verbose reify failed optional dependency C:\Users\Krishna jadhav\Desktop\web\node_modules\@esbuild\netbsd-x64
65 silly reify mark deleted [
65 silly reify   'C:\\Users\\Krishna jadhav\\Desktop\\web\\node_modules\\@esbuild\\netbsd-x64'
65 silly reify ]
66 verbose reify failed optional dependency C:\Users\Krishna jadhav\Desktop\web\node_modules\@esbuild\linux-x64
67 silly reify mark deleted [
67 silly reify   'C:\\Users\\Krishna jadhav\\Desktop\\web\\node_modules\\@esbuild\\linux-x64'
67 silly reify ]
68 verbose reify failed optional dependency C:\Users\Krishna jadhav\Desktop\web\node_modules\@esbuild\linux-s390x
69 silly reify mark deleted [
69 silly reify   'C:\\Users\\Krishna jadhav\\Desktop\\web\\node_modules\\@esbuild\\linux-s390x'
69 silly reify ]
70 verbose reify failed optional dependency C:\Users\Krishna jadhav\Desktop\web\node_modules\@esbuild\linux-riscv64
71 silly reify mark deleted [
71 silly reify   'C:\\Users\\Krishna jadhav\\Desktop\\web\\node_modules\\@esbuild\\linux-riscv64'
71 silly reify ]
72 verbose reify failed optional dependency C:\Users\Krishna jadhav\Desktop\web\node_modules\@esbuild\linux-ppc64
73 silly reify mark deleted [
73 silly reify   'C:\\Users\\Krishna jadhav\\Desktop\\web\\node_modules\\@esbuild\\linux-ppc64'
73 silly reify ]
74 verbose reify failed optional dependency C:\Users\Krishna jadhav\Desktop\web\node_modules\@esbuild\linux-mips64el
75 silly reify mark deleted [
75 silly reify   'C:\\Users\\Krishna jadhav\\Desktop\\web\\node_modules\\@esbuild\\linux-mips64el'
75 silly reify ]
76 verbose reify failed optional dependency C:\Users\Krishna jadhav\Desktop\web\node_modules\@esbuild\linux-loong64
77 silly reify mark deleted [
77 silly reify   'C:\\Users\\Krishna jadhav\\Desktop\\web\\node_modules\\@esbuild\\linux-loong64'
77 silly reify ]
78 verbose reify failed optional dependency C:\Users\Krishna jadhav\Desktop\web\node_modules\@esbuild\linux-ia32
79 silly reify mark deleted [
79 silly reify   'C:\\Users\\Krishna jadhav\\Desktop\\web\\node_modules\\@esbuild\\linux-ia32'
79 silly reify ]
80 verbose reify failed optional dependency C:\Users\Krishna jadhav\Desktop\web\node_modules\@esbuild\linux-arm64
81 silly reify mark deleted [
81 silly reify   'C:\\Users\\Krishna jadhav\\Desktop\\web\\node_modules\\@esbuild\\linux-arm64'
81 silly reify ]
82 verbose reify failed optional dependency C:\Users\Krishna jadhav\Desktop\web\node_modules\@esbuild\linux-arm
83 silly reify mark deleted [
83 silly reify   'C:\\Users\\Krishna jadhav\\Desktop\\web\\node_modules\\@esbuild\\linux-arm'
83 silly reify ]
84 verbose reify failed optional dependency C:\Users\Krishna jadhav\Desktop\web\node_modules\@esbuild\freebsd-x64
85 silly reify mark deleted [
85 silly reify   'C:\\Users\\Krishna jadhav\\Desktop\\web\\node_modules\\@esbuild\\freebsd-x64'
85 silly reify ]
86 verbose reify failed optional dependency C:\Users\Krishna jadhav\Desktop\web\node_modules\@esbuild\freebsd-arm64
87 silly reify mark deleted [
87 silly reify   'C:\\Users\\Krishna jadhav\\Desktop\\web\\node_modules\\@esbuild\\freebsd-arm64'
87 silly reify ]
88 verbose reify failed optional dependency C:\Users\Krishna jadhav\Desktop\web\node_modules\@esbuild\darwin-x64
89 silly reify mark deleted [
89 silly reify   'C:\\Users\\Krishna jadhav\\Desktop\\web\\node_modules\\@esbuild\\darwin-x64'
89 silly reify ]
90 verbose reify failed optional dependency C:\Users\Krishna jadhav\Desktop\web\node_modules\@esbuild\darwin-arm64
91 silly reify mark deleted [
91 silly reify   'C:\\Users\\Krishna jadhav\\Desktop\\web\\node_modules\\@esbuild\\darwin-arm64'
91 silly reify ]
92 verbose reify failed optional dependency C:\Users\Krishna jadhav\Desktop\web\node_modules\@esbuild\android-x64
93 silly reify mark deleted [
93 silly reify   'C:\\Users\\Krishna jadhav\\Desktop\\web\\node_modules\\@esbuild\\android-x64'
93 silly reify ]
94 verbose reify failed optional dependency C:\Users\Krishna jadhav\Desktop\web\node_modules\@esbuild\android-arm64
95 silly reify mark deleted [
95 silly reify   'C:\\Users\\Krishna jadhav\\Desktop\\web\\node_modules\\@esbuild\\android-arm64'
95 silly reify ]
96 verbose reify failed optional dependency C:\Users\Krishna jadhav\Desktop\web\node_modules\@esbuild\android-arm
97 silly reify mark deleted [
97 silly reify   'C:\\Users\\Krishna jadhav\\Desktop\\web\\node_modules\\@esbuild\\android-arm'
97 silly reify ]
98 verbose reify failed optional dependency C:\Users\Krishna jadhav\Desktop\web\node_modules\@esbuild\aix-ppc64
99 silly reify mark deleted [
99 silly reify   'C:\\Users\\Krishna jadhav\\Desktop\\web\\node_modules\\@esbuild\\aix-ppc64'
99 silly reify ]
100 http fetch POST 200 https://registry.npmjs.org/-/npm/v1/security/advisories/bulk 645ms
101 silly audit report {}
102 silly ADD
103 silly ADD
104 silly ADD
105 silly ADD
106 silly ADD
107 silly ADD
108 silly ADD
109 silly ADD
110 silly ADD
111 silly ADD
112 silly ADD
113 silly ADD
114 silly ADD
115 silly ADD
116 silly ADD
117 silly ADD
118 silly ADD
119 silly ADD
120 silly ADD
121 silly ADD
122 silly ADD
123 silly ADD
124 silly ADD
125 silly ADD
126 silly ADD
127 silly ADD
128 silly ADD
129 silly ADD
130 silly ADD
131 silly ADD
132 silly ADD
133 silly ADD
134 silly ADD
135 silly ADD
136 silly ADD
137 silly ADD
138 silly ADD
139 silly ADD
140 silly ADD
141 silly ADD
142 silly ADD
143 verbose cwd C:\Users\Krishna jadhav\Desktop\web\reactLearnings
144 verbose os Windows_NT 10.0.22621
145 verbose node v20.17.0
146 verbose npm  v10.9.1
147 verbose exit 0
148 info ok
