0 verbose cli C:\Program Files\nodejs\node.exe C:\Users\Krishna jadhav\Desktop\web\reactLearnings\%APPDATA%\npm\node_modules\npm\bin\npm-cli.js
1 info using npm@10.9.1
2 info using node@v20.17.0
3 silly config load:file:C:\Users\Krishna jadhav\Desktop\web\reactLearnings\%APPDATA%\npm\node_modules\npm\npmrc
4 silly config load:file:C:\Users\Krishna jadhav\Desktop\web\.npmrc
5 silly config load:file:C:\Users\Krishna jadhav\.npmrc
6 silly config load:file:C:\Users\Krishna jadhav\Desktop\web\reactLearnings\%APPDATA%\npm\etc\npmrc
7 verbose title npm create vite@latest
8 verbose argv "create" "vite@latest"
9 verbose logfile logs-max:10 dir:C:\Users\Krishna jadhav\Desktop\web\reactLearnings\%LOCALAPPDATA%\npm-cache\_logs\2024-12-06T09_58_42_073Z-
10 verbose logfile C:\Users\Krishna jadhav\Desktop\web\reactLearnings\%LOCALAPPDATA%\npm-cache\_logs\2024-12-06T09_58_42_073Z-debug-0.log
11 silly logfile done cleaning log files
12 silly packumentCache heap:2197815296 maxSize:549453824 maxEntrySize:274726912
13 http fetch GET 200 https://registry.npmjs.org/create-vite 872ms (cache revalidated)
14 silly packumentCache heap:2197815296 maxSize:549453824 maxEntrySize:274726912
15 verbose cwd C:\Users\Krishna jadhav\Desktop\web\reactLearnings
16 verbose os Windows_NT 10.0.22621
17 verbose node v20.17.0
18 verbose npm  v10.9.1
19 verbose exit 0
20 info ok
