0 verbose cli C:\Program Files\nodejs\node.exe C:\Users\Krishna jadhav\Desktop\web\reactLearnings\%APPDATA%\npm\node_modules\npm\bin\npm-cli.js
1 info using npm@10.9.1
2 info using node@v20.17.0
3 silly config load:file:C:\Users\Krishna jadhav\Desktop\web\reactLearnings\%APPDATA%\npm\node_modules\npm\npmrc
4 silly config load:file:C:\Users\Krishna jadhav\Desktop\web\.npmrc
5 silly config load:file:C:\Users\Krishna jadhav\.npmrc
6 silly config load:file:C:\Users\Krishna jadhav\Desktop\web\reactLearnings\%APPDATA%\npm\etc\npmrc
7 verbose title npm install vite@latest
8 verbose argv "install" "vite@latest"
9 verbose logfile logs-max:10 dir:C:\Users\Krishna jadhav\Desktop\web\reactLearnings\%LOCALAPPDATA%\npm-cache\_logs\2024-12-06T09_58_08_515Z-
10 verbose logfile C:\Users\Krishna jadhav\Desktop\web\reactLearnings\%LOCALAPPDATA%\npm-cache\_logs\2024-12-06T09_58_08_515Z-debug-0.log
11 silly logfile done cleaning log files
12 silly packumentCache heap:2197815296 maxSize:549453824 maxEntrySize:274726912
13 silly packumentCache corgi:https://registry.npmjs.org/vite cache-miss
14 http fetch GET 200 https://registry.npmjs.org/vite 1105ms (cache miss)
15 silly packumentCache corgi:https://registry.npmjs.org/vite set size:undefined disposed:false
16 silly idealTree buildDeps
17 silly fetch manifest vite@6.0.3
18 silly packumentCache full:https://registry.npmjs.org/vite cache-miss
19 http fetch GET 200 https://registry.npmjs.org/vite 1454ms (cache miss)
20 silly packumentCache full:https://registry.npmjs.org/vite set size:undefined disposed:false
21 silly fetch manifest @types/node@^18.0.0 || ^20.0.0 || >=22.0.0
22 silly packumentCache full:https://registry.npmjs.org/@types%2fnode cache-miss
23 http fetch GET 200 https://registry.npmjs.org/@types%2fnode 154ms (cache revalidated)
24 silly packumentCache full:https://registry.npmjs.org/@types%2fnode set size:9446085 disposed:false
25 silly fetch manifest jiti@>=1.21.0
26 silly packumentCache full:https://registry.npmjs.org/jiti cache-miss
27 http fetch GET 200 https://registry.npmjs.org/jiti 93ms (cache revalidated)
28 silly packumentCache full:https://registry.npmjs.org/jiti set size:355863 disposed:false
29 silly fetch manifest less@*
30 silly packumentCache full:https://registry.npmjs.org/less cache-miss
31 http fetch GET 200 https://registry.npmjs.org/less 116ms (cache miss)
32 silly packumentCache full:https://registry.npmjs.org/less set size:undefined disposed:false
33 silly fetch manifest lightningcss@^1.21.0
34 silly packumentCache full:https://registry.npmjs.org/lightningcss cache-miss
35 http fetch GET 200 https://registry.npmjs.org/lightningcss 102ms (cache miss)
36 silly packumentCache full:https://registry.npmjs.org/lightningcss set size:undefined disposed:false
37 silly fetch manifest sass@*
38 silly packumentCache full:https://registry.npmjs.org/sass cache-miss
39 http fetch GET 200 https://registry.npmjs.org/sass 106ms (cache updated)
40 silly packumentCache full:https://registry.npmjs.org/sass set size:undefined disposed:false
41 silly fetch manifest sass-embedded@*
42 silly packumentCache full:https://registry.npmjs.org/sass-embedded cache-miss
43 http fetch GET 200 https://registry.npmjs.org/sass-embedded 100ms (cache updated)
44 silly packumentCache full:https://registry.npmjs.org/sass-embedded set size:undefined disposed:false
45 silly fetch manifest stylus@*
46 silly packumentCache full:https://registry.npmjs.org/stylus cache-miss
47 http fetch GET 200 https://registry.npmjs.org/stylus 100ms (cache miss)
48 silly packumentCache full:https://registry.npmjs.org/stylus set size:undefined disposed:false
49 silly fetch manifest sugarss@*
50 silly packumentCache full:https://registry.npmjs.org/sugarss cache-miss
51 http fetch GET 200 https://registry.npmjs.org/sugarss 95ms (cache miss)
52 silly packumentCache full:https://registry.npmjs.org/sugarss set size:undefined disposed:false
53 silly fetch manifest postcss@^8.3.3
54 silly packumentCache full:https://registry.npmjs.org/postcss cache-miss
55 http fetch GET 200 https://registry.npmjs.org/postcss 103ms (cache revalidated)
56 silly packumentCache full:https://registry.npmjs.org/postcss set size:675229 disposed:false
57 silly fetch manifest terser@^5.16.0
58 silly packumentCache full:https://registry.npmjs.org/terser cache-miss
59 http fetch GET 200 https://registry.npmjs.org/terser 158ms (cache updated)
60 silly packumentCache full:https://registry.npmjs.org/terser set size:undefined disposed:false
61 silly fetch manifest tsx@^4.8.1
62 silly packumentCache full:https://registry.npmjs.org/tsx cache-miss
63 http fetch GET 200 https://registry.npmjs.org/tsx 88ms (cache miss)
64 silly packumentCache full:https://registry.npmjs.org/tsx set size:undefined disposed:false
65 silly fetch manifest yaml@^2.4.2
66 silly packumentCache full:https://registry.npmjs.org/yaml cache-miss
67 http fetch GET 200 https://registry.npmjs.org/yaml 89ms (cache revalidated)
68 silly packumentCache full:https://registry.npmjs.org/yaml set size:346482 disposed:false
69 silly placeDep ROOT vite@6.0.3 OK for: web@1.0.0 want: 6.0.3
70 silly fetch manifest esbuild@^0.24.0
71 silly packumentCache full:https://registry.npmjs.org/esbuild cache-miss
72 silly fetch manifest postcss@^8.4.49
73 silly packumentCache full:https://registry.npmjs.org/postcss cache-hit
74 silly fetch manifest rollup@^4.23.0
75 silly packumentCache full:https://registry.npmjs.org/rollup cache-miss
76 silly fetch manifest fsevents@~2.3.3
77 silly packumentCache full:https://registry.npmjs.org/fsevents cache-miss
78 http fetch GET 200 https://registry.npmjs.org/esbuild 150ms (cache miss)
79 silly packumentCache full:https://registry.npmjs.org/esbuild set size:undefined disposed:false
80 http fetch GET 200 https://registry.npmjs.org/fsevents 168ms (cache revalidated)
81 silly packumentCache full:https://registry.npmjs.org/fsevents set size:182472 disposed:false
82 http fetch GET 200 https://registry.npmjs.org/rollup 279ms (cache revalidated)
83 silly packumentCache full:https://registry.npmjs.org/rollup set size:5107539 disposed:false
84 silly placeDep ROOT esbuild@0.24.0 OK for: vite@6.0.3 want: ^0.24.0
85 silly placeDep ROOT fsevents@2.3.3 OK for: vite@6.0.3 want: ~2.3.3
86 silly placeDep ROOT postcss@8.4.49 OK for: vite@6.0.3 want: ^8.4.49
87 silly placeDep ROOT rollup@4.28.0 OK for: vite@6.0.3 want: ^4.23.0
88 silly fetch manifest @esbuild/aix-ppc64@0.24.0
89 silly packumentCache full:https://registry.npmjs.org/@esbuild%2faix-ppc64 cache-miss
90 silly fetch manifest @esbuild/android-arm@0.24.0
91 silly packumentCache full:https://registry.npmjs.org/@esbuild%2fandroid-arm cache-miss
92 silly fetch manifest @esbuild/android-arm64@0.24.0
93 silly packumentCache full:https://registry.npmjs.org/@esbuild%2fandroid-arm64 cache-miss
94 silly fetch manifest @esbuild/android-x64@0.24.0
95 silly packumentCache full:https://registry.npmjs.org/@esbuild%2fandroid-x64 cache-miss
96 silly fetch manifest @esbuild/darwin-arm64@0.24.0
97 silly packumentCache full:https://registry.npmjs.org/@esbuild%2fdarwin-arm64 cache-miss
98 silly fetch manifest @esbuild/darwin-x64@0.24.0
99 silly packumentCache full:https://registry.npmjs.org/@esbuild%2fdarwin-x64 cache-miss
100 silly fetch manifest @esbuild/freebsd-arm64@0.24.0
101 silly packumentCache full:https://registry.npmjs.org/@esbuild%2ffreebsd-arm64 cache-miss
102 silly fetch manifest @esbuild/freebsd-x64@0.24.0
103 silly packumentCache full:https://registry.npmjs.org/@esbuild%2ffreebsd-x64 cache-miss
104 silly fetch manifest @esbuild/linux-arm@0.24.0
105 silly packumentCache full:https://registry.npmjs.org/@esbuild%2flinux-arm cache-miss
106 silly fetch manifest @esbuild/linux-arm64@0.24.0
107 silly packumentCache full:https://registry.npmjs.org/@esbuild%2flinux-arm64 cache-miss
108 silly fetch manifest @esbuild/linux-ia32@0.24.0
109 silly packumentCache full:https://registry.npmjs.org/@esbuild%2flinux-ia32 cache-miss
110 http fetch GET 200 https://registry.npmjs.org/@esbuild%2faix-ppc64 167ms (cache miss)
111 silly packumentCache full:https://registry.npmjs.org/@esbuild%2faix-ppc64 set size:undefined disposed:false
112 silly fetch manifest @esbuild/linux-loong64@0.24.0
113 silly packumentCache full:https://registry.npmjs.org/@esbuild%2flinux-loong64 cache-miss
114 http fetch GET 200 https://registry.npmjs.org/@esbuild%2fandroid-arm 179ms (cache miss)
115 silly packumentCache full:https://registry.npmjs.org/@esbuild%2fandroid-arm set size:undefined disposed:false
116 silly fetch manifest @esbuild/linux-mips64el@0.24.0
117 silly packumentCache full:https://registry.npmjs.org/@esbuild%2flinux-mips64el cache-miss
118 http fetch GET 200 https://registry.npmjs.org/@esbuild%2fandroid-arm64 212ms (cache miss)
119 silly packumentCache full:https://registry.npmjs.org/@esbuild%2fandroid-arm64 set size:undefined disposed:false
120 silly fetch manifest @esbuild/linux-ppc64@0.24.0
121 silly packumentCache full:https://registry.npmjs.org/@esbuild%2flinux-ppc64 cache-miss
122 http fetch GET 200 https://registry.npmjs.org/@esbuild%2ffreebsd-x64 265ms (cache miss)
123 silly packumentCache full:https://registry.npmjs.org/@esbuild%2ffreebsd-x64 set size:undefined disposed:false
124 silly fetch manifest @esbuild/linux-riscv64@0.24.0
125 silly packumentCache full:https://registry.npmjs.org/@esbuild%2flinux-riscv64 cache-miss
126 http fetch GET 200 https://registry.npmjs.org/@esbuild%2flinux-loong64 112ms (cache miss)
127 silly packumentCache full:https://registry.npmjs.org/@esbuild%2flinux-loong64 set size:undefined disposed:false
128 silly fetch manifest @esbuild/linux-s390x@0.24.0
129 silly packumentCache full:https://registry.npmjs.org/@esbuild%2flinux-s390x cache-miss
130 http fetch GET 200 https://registry.npmjs.org/@esbuild%2fdarwin-arm64 288ms (cache miss)
131 silly packumentCache full:https://registry.npmjs.org/@esbuild%2fdarwin-arm64 set size:undefined disposed:false
132 silly fetch manifest @esbuild/linux-x64@0.24.0
133 silly packumentCache full:https://registry.npmjs.org/@esbuild%2flinux-x64 cache-miss
134 http fetch GET 200 https://registry.npmjs.org/@esbuild%2fandroid-x64 303ms (cache miss)
135 silly packumentCache full:https://registry.npmjs.org/@esbuild%2fandroid-x64 set size:undefined disposed:false
136 silly fetch manifest @esbuild/netbsd-x64@0.24.0
137 silly packumentCache full:https://registry.npmjs.org/@esbuild%2fnetbsd-x64 cache-miss
138 http fetch GET 200 https://registry.npmjs.org/@esbuild%2flinux-ia32 302ms (cache miss)
139 silly packumentCache full:https://registry.npmjs.org/@esbuild%2flinux-ia32 set size:undefined disposed:false
140 silly fetch manifest @esbuild/openbsd-arm64@0.24.0
141 silly packumentCache full:https://registry.npmjs.org/@esbuild%2fopenbsd-arm64 cache-miss
142 http fetch GET 200 https://registry.npmjs.org/@esbuild%2flinux-arm 309ms (cache miss)
143 silly packumentCache full:https://registry.npmjs.org/@esbuild%2flinux-arm set size:undefined disposed:false
144 silly fetch manifest @esbuild/openbsd-x64@0.24.0
145 silly packumentCache full:https://registry.npmjs.org/@esbuild%2fopenbsd-x64 cache-miss
146 http fetch GET 200 https://registry.npmjs.org/@esbuild%2ffreebsd-arm64 315ms (cache miss)
147 silly packumentCache full:https://registry.npmjs.org/@esbuild%2ffreebsd-arm64 set size:undefined disposed:false
148 silly fetch manifest @esbuild/sunos-x64@0.24.0
149 silly packumentCache full:https://registry.npmjs.org/@esbuild%2fsunos-x64 cache-miss
150 http fetch GET 200 https://registry.npmjs.org/@esbuild%2flinux-arm64 324ms (cache miss)
151 silly packumentCache full:https://registry.npmjs.org/@esbuild%2flinux-arm64 set size:undefined disposed:false
152 silly fetch manifest @esbuild/win32-arm64@0.24.0
153 silly packumentCache full:https://registry.npmjs.org/@esbuild%2fwin32-arm64 cache-miss
154 http fetch GET 200 https://registry.npmjs.org/@esbuild%2flinux-mips64el 161ms (cache miss)
155 silly packumentCache full:https://registry.npmjs.org/@esbuild%2flinux-mips64el set size:undefined disposed:false
156 silly fetch manifest @esbuild/win32-ia32@0.24.0
157 silly packumentCache full:https://registry.npmjs.org/@esbuild%2fwin32-ia32 cache-miss
158 http fetch GET 200 https://registry.npmjs.org/@esbuild%2flinux-ppc64 211ms (cache miss)
159 silly packumentCache full:https://registry.npmjs.org/@esbuild%2flinux-ppc64 set size:undefined disposed:false
160 silly fetch manifest @esbuild/win32-x64@0.24.0
161 silly packumentCache full:https://registry.npmjs.org/@esbuild%2fwin32-x64 cache-miss
162 http fetch GET 200 https://registry.npmjs.org/@esbuild%2fopenbsd-arm64 143ms (cache miss)
163 silly packumentCache full:https://registry.npmjs.org/@esbuild%2fopenbsd-arm64 set size:undefined disposed:false
164 silly fetch manifest nanoid@^3.3.7
165 silly packumentCache full:https://registry.npmjs.org/nanoid cache-miss
166 http fetch GET 200 https://registry.npmjs.org/@esbuild%2flinux-riscv64 192ms (cache miss)
167 silly packumentCache full:https://registry.npmjs.org/@esbuild%2flinux-riscv64 set size:undefined disposed:false
168 silly fetch manifest picocolors@^1.1.1
169 silly packumentCache full:https://registry.npmjs.org/picocolors cache-miss
170 http fetch GET 200 https://registry.npmjs.org/@esbuild%2fnetbsd-x64 166ms (cache miss)
171 silly packumentCache full:https://registry.npmjs.org/@esbuild%2fnetbsd-x64 set size:undefined disposed:false
172 silly fetch manifest source-map-js@^1.2.1
173 silly packumentCache full:https://registry.npmjs.org/source-map-js cache-miss
174 http fetch GET 200 https://registry.npmjs.org/@esbuild%2flinux-s390x 197ms (cache miss)
175 silly packumentCache full:https://registry.npmjs.org/@esbuild%2flinux-s390x set size:undefined disposed:false
176 silly fetch manifest @types/estree@1.0.6
177 silly packumentCache full:https://registry.npmjs.org/@types%2festree cache-miss
178 http fetch GET 200 https://registry.npmjs.org/@esbuild%2fsunos-x64 164ms (cache miss)
179 silly packumentCache full:https://registry.npmjs.org/@esbuild%2fsunos-x64 set size:undefined disposed:false
180 silly fetch manifest @rollup/rollup-darwin-arm64@4.28.0
181 silly packumentCache full:https://registry.npmjs.org/@rollup%2frollup-darwin-arm64 cache-miss
182 http fetch GET 200 https://registry.npmjs.org/@esbuild%2flinux-x64 198ms (cache miss)
183 silly packumentCache full:https://registry.npmjs.org/@esbuild%2flinux-x64 set size:undefined disposed:false
184 silly fetch manifest @rollup/rollup-android-arm64@4.28.0
185 silly packumentCache full:https://registry.npmjs.org/@rollup%2frollup-android-arm64 cache-miss
186 http fetch GET 200 https://registry.npmjs.org/@esbuild%2fwin32-arm64 166ms (cache miss)
187 silly packumentCache full:https://registry.npmjs.org/@esbuild%2fwin32-arm64 set size:undefined disposed:false
188 silly fetch manifest @rollup/rollup-win32-arm64-msvc@4.28.0
189 silly packumentCache full:https://registry.npmjs.org/@rollup%2frollup-win32-arm64-msvc cache-miss
190 http fetch GET 200 https://registry.npmjs.org/@esbuild%2fopenbsd-x64 189ms (cache miss)
191 silly packumentCache full:https://registry.npmjs.org/@esbuild%2fopenbsd-x64 set size:undefined disposed:false
192 silly fetch manifest @rollup/rollup-freebsd-arm64@4.28.0
193 silly packumentCache full:https://registry.npmjs.org/@rollup%2frollup-freebsd-arm64 cache-miss
194 http fetch GET 200 https://registry.npmjs.org/@esbuild%2fdarwin-x64 514ms (cache miss)
195 silly packumentCache full:https://registry.npmjs.org/@esbuild%2fdarwin-x64 set size:undefined disposed:false
196 silly fetch manifest @rollup/rollup-linux-arm64-gnu@4.28.0
197 silly packumentCache full:https://registry.npmjs.org/@rollup%2frollup-linux-arm64-gnu cache-miss
198 http fetch GET 200 https://registry.npmjs.org/@esbuild%2fwin32-ia32 178ms (cache miss)
199 silly packumentCache full:https://registry.npmjs.org/@esbuild%2fwin32-ia32 set size:undefined disposed:false
200 silly fetch manifest @rollup/rollup-linux-arm64-musl@4.28.0
201 silly packumentCache full:https://registry.npmjs.org/@rollup%2frollup-linux-arm64-musl cache-miss
202 http fetch GET 200 https://registry.npmjs.org/picocolors 115ms (cache revalidated)
203 silly packumentCache full:https://registry.npmjs.org/picocolors set size:16648 disposed:false
204 silly fetch manifest @rollup/rollup-android-arm-eabi@4.28.0
205 silly packumentCache full:https://registry.npmjs.org/@rollup%2frollup-android-arm-eabi cache-miss
206 http fetch GET 200 https://registry.npmjs.org/@esbuild%2fwin32-x64 390ms (cache miss)
207 silly packumentCache full:https://registry.npmjs.org/@esbuild%2fwin32-x64 set size:undefined disposed:false
208 silly fetch manifest @rollup/rollup-linux-arm-gnueabihf@4.28.0
209 silly packumentCache full:https://registry.npmjs.org/@rollup%2frollup-linux-arm-gnueabihf cache-miss
210 http fetch GET 200 https://registry.npmjs.org/nanoid 372ms (cache revalidated)
211 silly packumentCache full:https://registry.npmjs.org/nanoid set size:277592 disposed:false
212 silly fetch manifest @rollup/rollup-linux-arm-musleabihf@4.28.0
213 silly packumentCache full:https://registry.npmjs.org/@rollup%2frollup-linux-arm-musleabihf cache-miss
214 http fetch GET 200 https://registry.npmjs.org/source-map-js 381ms (cache revalidated)
215 silly packumentCache full:https://registry.npmjs.org/source-map-js set size:62640 disposed:false
216 silly fetch manifest @rollup/rollup-win32-ia32-msvc@4.28.0
217 silly packumentCache full:https://registry.npmjs.org/@rollup%2frollup-win32-ia32-msvc cache-miss
218 http fetch GET 200 https://registry.npmjs.org/@types%2festree 377ms (cache revalidated)
219 silly packumentCache full:https://registry.npmjs.org/@types%2festree set size:71109 disposed:false
220 silly fetch manifest @rollup/rollup-linux-riscv64-gnu@4.28.0
221 silly packumentCache full:https://registry.npmjs.org/@rollup%2frollup-linux-riscv64-gnu cache-miss
222 http fetch GET 200 https://registry.npmjs.org/@rollup%2frollup-freebsd-arm64 364ms (cache miss)
223 silly packumentCache full:https://registry.npmjs.org/@rollup%2frollup-freebsd-arm64 set size:undefined disposed:false
224 silly fetch manifest @rollup/rollup-linux-powerpc64le-gnu@4.28.0
225 silly packumentCache full:https://registry.npmjs.org/@rollup%2frollup-linux-powerpc64le-gnu cache-miss
226 http fetch GET 200 https://registry.npmjs.org/@rollup%2frollup-win32-arm64-msvc 380ms (cache miss)
227 silly packumentCache full:https://registry.npmjs.org/@rollup%2frollup-win32-arm64-msvc set size:undefined disposed:false
228 silly fetch manifest @rollup/rollup-linux-s390x-gnu@4.28.0
229 silly packumentCache full:https://registry.npmjs.org/@rollup%2frollup-linux-s390x-gnu cache-miss
230 http fetch GET 200 https://registry.npmjs.org/@rollup%2frollup-android-arm64 396ms (cache miss)
231 silly packumentCache full:https://registry.npmjs.org/@rollup%2frollup-android-arm64 set size:undefined disposed:false
232 silly fetch manifest @rollup/rollup-darwin-x64@4.28.0
233 silly packumentCache full:https://registry.npmjs.org/@rollup%2frollup-darwin-x64 cache-miss
234 http fetch GET 200 https://registry.npmjs.org/@rollup%2frollup-linux-arm64-gnu 380ms (cache miss)
235 silly packumentCache full:https://registry.npmjs.org/@rollup%2frollup-linux-arm64-gnu set size:undefined disposed:false
236 silly fetch manifest @rollup/rollup-win32-x64-msvc@4.28.0
237 silly packumentCache full:https://registry.npmjs.org/@rollup%2frollup-win32-x64-msvc cache-miss
238 http fetch GET 200 https://registry.npmjs.org/@rollup%2frollup-darwin-arm64 415ms (cache miss)
239 silly packumentCache full:https://registry.npmjs.org/@rollup%2frollup-darwin-arm64 set size:undefined disposed:false
240 silly fetch manifest @rollup/rollup-freebsd-x64@4.28.0
241 silly packumentCache full:https://registry.npmjs.org/@rollup%2frollup-freebsd-x64 cache-miss
242 http fetch GET 200 https://registry.npmjs.org/@rollup%2frollup-linux-arm64-musl 381ms (cache miss)
243 silly packumentCache full:https://registry.npmjs.org/@rollup%2frollup-linux-arm64-musl set size:undefined disposed:false
244 silly fetch manifest @rollup/rollup-linux-x64-gnu@4.28.0
245 silly packumentCache full:https://registry.npmjs.org/@rollup%2frollup-linux-x64-gnu cache-miss
246 http fetch GET 200 https://registry.npmjs.org/@rollup%2frollup-linux-arm-musleabihf 125ms (cache miss)
247 silly packumentCache full:https://registry.npmjs.org/@rollup%2frollup-linux-arm-musleabihf set size:undefined disposed:false
248 silly fetch manifest @rollup/rollup-linux-x64-musl@4.28.0
249 silly packumentCache full:https://registry.npmjs.org/@rollup%2frollup-linux-x64-musl cache-miss
250 http fetch GET 200 https://registry.npmjs.org/@rollup%2frollup-linux-arm-gnueabihf 154ms (cache miss)
251 silly packumentCache full:https://registry.npmjs.org/@rollup%2frollup-linux-arm-gnueabihf set size:undefined disposed:false
252 http fetch GET 200 https://registry.npmjs.org/@rollup%2frollup-freebsd-x64 110ms (cache miss)
253 silly packumentCache full:https://registry.npmjs.org/@rollup%2frollup-freebsd-x64 set size:undefined disposed:false
254 http fetch GET 200 https://registry.npmjs.org/@rollup%2frollup-win32-ia32-msvc 159ms (cache miss)
255 silly packumentCache full:https://registry.npmjs.org/@rollup%2frollup-win32-ia32-msvc set size:undefined disposed:false
256 http fetch GET 200 https://registry.npmjs.org/@rollup%2frollup-linux-powerpc64le-gnu 150ms (cache miss)
257 silly packumentCache full:https://registry.npmjs.org/@rollup%2frollup-linux-powerpc64le-gnu set size:undefined disposed:false
258 http fetch GET 200 https://registry.npmjs.org/@rollup%2frollup-linux-riscv64-gnu 166ms (cache miss)
259 silly packumentCache full:https://registry.npmjs.org/@rollup%2frollup-linux-riscv64-gnu set size:undefined disposed:false
260 http fetch GET 200 https://registry.npmjs.org/@rollup%2frollup-linux-s390x-gnu 145ms (cache miss)
261 silly packumentCache full:https://registry.npmjs.org/@rollup%2frollup-linux-s390x-gnu set size:undefined disposed:false
262 http fetch GET 200 https://registry.npmjs.org/@rollup%2frollup-android-arm-eabi 226ms (cache miss)
263 silly packumentCache full:https://registry.npmjs.org/@rollup%2frollup-android-arm-eabi set size:undefined disposed:false
264 http fetch GET 200 https://registry.npmjs.org/@rollup%2frollup-win32-x64-msvc 139ms (cache miss)
265 silly packumentCache full:https://registry.npmjs.org/@rollup%2frollup-win32-x64-msvc set size:undefined disposed:false
266 http fetch GET 200 https://registry.npmjs.org/@rollup%2frollup-darwin-x64 156ms (cache miss)
267 silly packumentCache full:https://registry.npmjs.org/@rollup%2frollup-darwin-x64 set size:undefined disposed:false
268 http fetch GET 200 https://registry.npmjs.org/@rollup%2frollup-linux-x64-gnu 143ms (cache miss)
269 silly packumentCache full:https://registry.npmjs.org/@rollup%2frollup-linux-x64-gnu set size:undefined disposed:false
270 http fetch GET 200 https://registry.npmjs.org/@rollup%2frollup-linux-x64-musl 94ms (cache miss)
271 silly packumentCache full:https://registry.npmjs.org/@rollup%2frollup-linux-x64-musl set size:undefined disposed:false
272 silly placeDep ROOT @esbuild/aix-ppc64@0.24.0 OK for: esbuild@0.24.0 want: 0.24.0
273 silly placeDep ROOT @esbuild/android-arm@0.24.0 OK for: esbuild@0.24.0 want: 0.24.0
274 silly placeDep ROOT @esbuild/android-arm64@0.24.0 OK for: esbuild@0.24.0 want: 0.24.0
275 silly placeDep ROOT @esbuild/android-x64@0.24.0 OK for: esbuild@0.24.0 want: 0.24.0
276 silly placeDep ROOT @esbuild/darwin-arm64@0.24.0 OK for: esbuild@0.24.0 want: 0.24.0
277 silly placeDep ROOT @esbuild/darwin-x64@0.24.0 OK for: esbuild@0.24.0 want: 0.24.0
278 silly placeDep ROOT @esbuild/freebsd-arm64@0.24.0 OK for: esbuild@0.24.0 want: 0.24.0
279 silly placeDep ROOT @esbuild/freebsd-x64@0.24.0 OK for: esbuild@0.24.0 want: 0.24.0
280 silly placeDep ROOT @esbuild/linux-arm@0.24.0 OK for: esbuild@0.24.0 want: 0.24.0
281 silly placeDep ROOT @esbuild/linux-arm64@0.24.0 OK for: esbuild@0.24.0 want: 0.24.0
282 silly placeDep ROOT @esbuild/linux-ia32@0.24.0 OK for: esbuild@0.24.0 want: 0.24.0
283 silly placeDep ROOT @esbuild/linux-loong64@0.24.0 OK for: esbuild@0.24.0 want: 0.24.0
284 silly placeDep ROOT @esbuild/linux-mips64el@0.24.0 OK for: esbuild@0.24.0 want: 0.24.0
285 silly placeDep ROOT @esbuild/linux-ppc64@0.24.0 OK for: esbuild@0.24.0 want: 0.24.0
286 silly placeDep ROOT @esbuild/linux-riscv64@0.24.0 OK for: esbuild@0.24.0 want: 0.24.0
287 silly placeDep ROOT @esbuild/linux-s390x@0.24.0 OK for: esbuild@0.24.0 want: 0.24.0
288 silly placeDep ROOT @esbuild/linux-x64@0.24.0 OK for: esbuild@0.24.0 want: 0.24.0
289 silly placeDep ROOT @esbuild/netbsd-x64@0.24.0 OK for: esbuild@0.24.0 want: 0.24.0
290 silly placeDep ROOT @esbuild/openbsd-arm64@0.24.0 OK for: esbuild@0.24.0 want: 0.24.0
291 silly placeDep ROOT @esbuild/openbsd-x64@0.24.0 OK for: esbuild@0.24.0 want: 0.24.0
292 silly placeDep ROOT @esbuild/sunos-x64@0.24.0 OK for: esbuild@0.24.0 want: 0.24.0
293 silly placeDep ROOT @esbuild/win32-arm64@0.24.0 OK for: esbuild@0.24.0 want: 0.24.0
294 silly placeDep ROOT @esbuild/win32-ia32@0.24.0 OK for: esbuild@0.24.0 want: 0.24.0
295 silly placeDep ROOT @esbuild/win32-x64@0.24.0 OK for: esbuild@0.24.0 want: 0.24.0
296 silly placeDep ROOT nanoid@3.3.8 OK for: postcss@8.4.49 want: ^3.3.7
297 silly placeDep ROOT picocolors@1.1.1 OK for: postcss@8.4.49 want: ^1.1.1
298 silly placeDep ROOT source-map-js@1.2.1 OK for: postcss@8.4.49 want: ^1.2.1
299 silly placeDep ROOT @rollup/rollup-android-arm-eabi@4.28.0 OK for: rollup@4.28.0 want: 4.28.0
300 silly placeDep ROOT @rollup/rollup-android-arm64@4.28.0 OK for: rollup@4.28.0 want: 4.28.0
301 silly placeDep ROOT @rollup/rollup-darwin-arm64@4.28.0 OK for: rollup@4.28.0 want: 4.28.0
302 silly placeDep ROOT @rollup/rollup-darwin-x64@4.28.0 OK for: rollup@4.28.0 want: 4.28.0
303 silly placeDep ROOT @rollup/rollup-freebsd-arm64@4.28.0 OK for: rollup@4.28.0 want: 4.28.0
304 silly placeDep ROOT @rollup/rollup-freebsd-x64@4.28.0 OK for: rollup@4.28.0 want: 4.28.0
305 silly placeDep ROOT @rollup/rollup-linux-arm-gnueabihf@4.28.0 OK for: rollup@4.28.0 want: 4.28.0
306 silly placeDep ROOT @rollup/rollup-linux-arm-musleabihf@4.28.0 OK for: rollup@4.28.0 want: 4.28.0
307 silly placeDep ROOT @rollup/rollup-linux-arm64-gnu@4.28.0 OK for: rollup@4.28.0 want: 4.28.0
308 silly placeDep ROOT @rollup/rollup-linux-arm64-musl@4.28.0 OK for: rollup@4.28.0 want: 4.28.0
309 silly placeDep ROOT @rollup/rollup-linux-powerpc64le-gnu@4.28.0 OK for: rollup@4.28.0 want: 4.28.0
310 silly placeDep ROOT @rollup/rollup-linux-riscv64-gnu@4.28.0 OK for: rollup@4.28.0 want: 4.28.0
311 silly placeDep ROOT @rollup/rollup-linux-s390x-gnu@4.28.0 OK for: rollup@4.28.0 want: 4.28.0
312 silly placeDep ROOT @rollup/rollup-linux-x64-gnu@4.28.0 OK for: rollup@4.28.0 want: 4.28.0
313 silly placeDep ROOT @rollup/rollup-linux-x64-musl@4.28.0 OK for: rollup@4.28.0 want: 4.28.0
314 silly placeDep ROOT @rollup/rollup-win32-arm64-msvc@4.28.0 OK for: rollup@4.28.0 want: 4.28.0
315 silly placeDep ROOT @rollup/rollup-win32-ia32-msvc@4.28.0 OK for: rollup@4.28.0 want: 4.28.0
316 silly placeDep ROOT @rollup/rollup-win32-x64-msvc@4.28.0 OK for: rollup@4.28.0 want: 4.28.0
317 silly placeDep ROOT @types/estree@1.0.6 OK for: rollup@4.28.0 want: 1.0.6
318 silly reify moves {}
319 silly audit bulk request {
319 silly audit   vite: [ '6.0.3' ],
319 silly audit   esbuild: [ '0.24.0' ],
319 silly audit   fsevents: [ '2.3.3' ],
319 silly audit   postcss: [ '8.4.49' ],
319 silly audit   rollup: [ '4.28.0' ],
319 silly audit   '@esbuild/aix-ppc64': [ '0.24.0' ],
319 silly audit   '@esbuild/android-arm': [ '0.24.0' ],
319 silly audit   '@esbuild/android-arm64': [ '0.24.0' ],
319 silly audit   '@esbuild/android-x64': [ '0.24.0' ],
319 silly audit   '@esbuild/darwin-arm64': [ '0.24.0' ],
319 silly audit   '@esbuild/darwin-x64': [ '0.24.0' ],
319 silly audit   '@esbuild/freebsd-arm64': [ '0.24.0' ],
319 silly audit   '@esbuild/freebsd-x64': [ '0.24.0' ],
319 silly audit   '@esbuild/linux-arm': [ '0.24.0' ],
319 silly audit   '@esbuild/linux-arm64': [ '0.24.0' ],
319 silly audit   '@esbuild/linux-ia32': [ '0.24.0' ],
319 silly audit   '@esbuild/linux-loong64': [ '0.24.0' ],
319 silly audit   '@esbuild/linux-mips64el': [ '0.24.0' ],
319 silly audit   '@esbuild/linux-ppc64': [ '0.24.0' ],
319 silly audit   '@esbuild/linux-riscv64': [ '0.24.0' ],
319 silly audit   '@esbuild/linux-s390x': [ '0.24.0' ],
319 silly audit   '@esbuild/linux-x64': [ '0.24.0' ],
319 silly audit   '@esbuild/netbsd-x64': [ '0.24.0' ],
319 silly audit   '@esbuild/openbsd-arm64': [ '0.24.0' ],
319 silly audit   '@esbuild/openbsd-x64': [ '0.24.0' ],
319 silly audit   '@esbuild/sunos-x64': [ '0.24.0' ],
319 silly audit   '@esbuild/win32-arm64': [ '0.24.0' ],
319 silly audit   '@esbuild/win32-ia32': [ '0.24.0' ],
319 silly audit   '@esbuild/win32-x64': [ '0.24.0' ],
319 silly audit   nanoid: [ '3.3.8' ],
319 silly audit   picocolors: [ '1.1.1' ],
319 silly audit   'source-map-js': [ '1.2.1' ],
319 silly audit   '@rollup/rollup-android-arm-eabi': [ '4.28.0' ],
319 silly audit   '@rollup/rollup-android-arm64': [ '4.28.0' ],
319 silly audit   '@rollup/rollup-darwin-arm64': [ '4.28.0' ],
319 silly audit   '@rollup/rollup-darwin-x64': [ '4.28.0' ],
319 silly audit   '@rollup/rollup-freebsd-arm64': [ '4.28.0' ],
319 silly audit   '@rollup/rollup-freebsd-x64': [ '4.28.0' ],
319 silly audit   '@rollup/rollup-linux-arm-gnueabihf': [ '4.28.0' ],
319 silly audit   '@rollup/rollup-linux-arm-musleabihf': [ '4.28.0' ],
319 silly audit   '@rollup/rollup-linux-arm64-gnu': [ '4.28.0' ],
319 silly audit   '@rollup/rollup-linux-arm64-musl': [ '4.28.0' ],
319 silly audit   '@rollup/rollup-linux-powerpc64le-gnu': [ '4.28.0' ],
319 silly audit   '@rollup/rollup-linux-riscv64-gnu': [ '4.28.0' ],
319 silly audit   '@rollup/rollup-linux-s390x-gnu': [ '4.28.0' ],
319 silly audit   '@rollup/rollup-linux-x64-gnu': [ '4.28.0' ],
319 silly audit   '@rollup/rollup-linux-x64-musl': [ '4.28.0' ],
319 silly audit   '@rollup/rollup-win32-arm64-msvc': [ '4.28.0' ],
319 silly audit   '@rollup/rollup-win32-ia32-msvc': [ '4.28.0' ],
319 silly audit   '@rollup/rollup-win32-x64-msvc': [ '4.28.0' ],
319 silly audit   '@types/estree': [ '1.0.6' ]
319 silly audit }
320 verbose reify failed optional dependency C:\Users\Krishna jadhav\Desktop\web\node_modules\@rollup\rollup-win32-ia32-msvc
321 silly reify mark deleted [
321 silly reify   'C:\\Users\\Krishna jadhav\\Desktop\\web\\node_modules\\@rollup\\rollup-win32-ia32-msvc'
321 silly reify ]
322 verbose reify failed optional dependency C:\Users\Krishna jadhav\Desktop\web\node_modules\@rollup\rollup-win32-arm64-msvc
323 silly reify mark deleted [
323 silly reify   'C:\\Users\\Krishna jadhav\\Desktop\\web\\node_modules\\@rollup\\rollup-win32-arm64-msvc'
323 silly reify ]
324 verbose reify failed optional dependency C:\Users\Krishna jadhav\Desktop\web\node_modules\@rollup\rollup-linux-x64-musl
325 silly reify mark deleted [
325 silly reify   'C:\\Users\\Krishna jadhav\\Desktop\\web\\node_modules\\@rollup\\rollup-linux-x64-musl'
325 silly reify ]
326 verbose reify failed optional dependency C:\Users\Krishna jadhav\Desktop\web\node_modules\@rollup\rollup-linux-x64-gnu
327 silly reify mark deleted [
327 silly reify   'C:\\Users\\Krishna jadhav\\Desktop\\web\\node_modules\\@rollup\\rollup-linux-x64-gnu'
327 silly reify ]
328 verbose reify failed optional dependency C:\Users\Krishna jadhav\Desktop\web\node_modules\@rollup\rollup-linux-s390x-gnu
329 silly reify mark deleted [
329 silly reify   'C:\\Users\\Krishna jadhav\\Desktop\\web\\node_modules\\@rollup\\rollup-linux-s390x-gnu'
329 silly reify ]
330 verbose reify failed optional dependency C:\Users\Krishna jadhav\Desktop\web\node_modules\@rollup\rollup-linux-riscv64-gnu
331 silly reify mark deleted [
331 silly reify   'C:\\Users\\Krishna jadhav\\Desktop\\web\\node_modules\\@rollup\\rollup-linux-riscv64-gnu'
331 silly reify ]
332 verbose reify failed optional dependency C:\Users\Krishna jadhav\Desktop\web\node_modules\@rollup\rollup-linux-powerpc64le-gnu
333 silly reify mark deleted [
333 silly reify   'C:\\Users\\Krishna jadhav\\Desktop\\web\\node_modules\\@rollup\\rollup-linux-powerpc64le-gnu'
333 silly reify ]
334 verbose reify failed optional dependency C:\Users\Krishna jadhav\Desktop\web\node_modules\@rollup\rollup-linux-arm64-musl
335 silly reify mark deleted [
335 silly reify   'C:\\Users\\Krishna jadhav\\Desktop\\web\\node_modules\\@rollup\\rollup-linux-arm64-musl'
335 silly reify ]
336 verbose reify failed optional dependency C:\Users\Krishna jadhav\Desktop\web\node_modules\@rollup\rollup-linux-arm64-gnu
337 silly reify mark deleted [
337 silly reify   'C:\\Users\\Krishna jadhav\\Desktop\\web\\node_modules\\@rollup\\rollup-linux-arm64-gnu'
337 silly reify ]
338 verbose reify failed optional dependency C:\Users\Krishna jadhav\Desktop\web\node_modules\@rollup\rollup-linux-arm-musleabihf
339 silly reify mark deleted [
339 silly reify   'C:\\Users\\Krishna jadhav\\Desktop\\web\\node_modules\\@rollup\\rollup-linux-arm-musleabihf'
339 silly reify ]
340 verbose reify failed optional dependency C:\Users\Krishna jadhav\Desktop\web\node_modules\@rollup\rollup-linux-arm-gnueabihf
341 silly reify mark deleted [
341 silly reify   'C:\\Users\\Krishna jadhav\\Desktop\\web\\node_modules\\@rollup\\rollup-linux-arm-gnueabihf'
341 silly reify ]
342 verbose reify failed optional dependency C:\Users\Krishna jadhav\Desktop\web\node_modules\@rollup\rollup-freebsd-x64
343 silly reify mark deleted [
343 silly reify   'C:\\Users\\Krishna jadhav\\Desktop\\web\\node_modules\\@rollup\\rollup-freebsd-x64'
343 silly reify ]
344 verbose reify failed optional dependency C:\Users\Krishna jadhav\Desktop\web\node_modules\@rollup\rollup-freebsd-arm64
345 silly reify mark deleted [
345 silly reify   'C:\\Users\\Krishna jadhav\\Desktop\\web\\node_modules\\@rollup\\rollup-freebsd-arm64'
345 silly reify ]
346 verbose reify failed optional dependency C:\Users\Krishna jadhav\Desktop\web\node_modules\@rollup\rollup-darwin-x64
347 silly reify mark deleted [
347 silly reify   'C:\\Users\\Krishna jadhav\\Desktop\\web\\node_modules\\@rollup\\rollup-darwin-x64'
347 silly reify ]
348 verbose reify failed optional dependency C:\Users\Krishna jadhav\Desktop\web\node_modules\@rollup\rollup-darwin-arm64
349 silly reify mark deleted [
349 silly reify   'C:\\Users\\Krishna jadhav\\Desktop\\web\\node_modules\\@rollup\\rollup-darwin-arm64'
349 silly reify ]
350 verbose reify failed optional dependency C:\Users\Krishna jadhav\Desktop\web\node_modules\@rollup\rollup-android-arm64
351 silly reify mark deleted [
351 silly reify   'C:\\Users\\Krishna jadhav\\Desktop\\web\\node_modules\\@rollup\\rollup-android-arm64'
351 silly reify ]
352 verbose reify failed optional dependency C:\Users\Krishna jadhav\Desktop\web\node_modules\@rollup\rollup-android-arm-eabi
353 silly reify mark deleted [
353 silly reify   'C:\\Users\\Krishna jadhav\\Desktop\\web\\node_modules\\@rollup\\rollup-android-arm-eabi'
353 silly reify ]
354 verbose reify failed optional dependency C:\Users\Krishna jadhav\Desktop\web\node_modules\@esbuild\win32-ia32
355 silly reify mark deleted [
355 silly reify   'C:\\Users\\Krishna jadhav\\Desktop\\web\\node_modules\\@esbuild\\win32-ia32'
355 silly reify ]
356 verbose reify failed optional dependency C:\Users\Krishna jadhav\Desktop\web\node_modules\@esbuild\win32-arm64
357 silly reify mark deleted [
357 silly reify   'C:\\Users\\Krishna jadhav\\Desktop\\web\\node_modules\\@esbuild\\win32-arm64'
357 silly reify ]
358 verbose reify failed optional dependency C:\Users\Krishna jadhav\Desktop\web\node_modules\@esbuild\sunos-x64
359 silly reify mark deleted [
359 silly reify   'C:\\Users\\Krishna jadhav\\Desktop\\web\\node_modules\\@esbuild\\sunos-x64'
359 silly reify ]
360 verbose reify failed optional dependency C:\Users\Krishna jadhav\Desktop\web\node_modules\@esbuild\openbsd-x64
361 silly reify mark deleted [
361 silly reify   'C:\\Users\\Krishna jadhav\\Desktop\\web\\node_modules\\@esbuild\\openbsd-x64'
361 silly reify ]
362 verbose reify failed optional dependency C:\Users\Krishna jadhav\Desktop\web\node_modules\@esbuild\openbsd-arm64
363 silly reify mark deleted [
363 silly reify   'C:\\Users\\Krishna jadhav\\Desktop\\web\\node_modules\\@esbuild\\openbsd-arm64'
363 silly reify ]
364 verbose reify failed optional dependency C:\Users\Krishna jadhav\Desktop\web\node_modules\@esbuild\netbsd-x64
365 silly reify mark deleted [
365 silly reify   'C:\\Users\\Krishna jadhav\\Desktop\\web\\node_modules\\@esbuild\\netbsd-x64'
365 silly reify ]
366 verbose reify failed optional dependency C:\Users\Krishna jadhav\Desktop\web\node_modules\@esbuild\linux-x64
367 silly reify mark deleted [
367 silly reify   'C:\\Users\\Krishna jadhav\\Desktop\\web\\node_modules\\@esbuild\\linux-x64'
367 silly reify ]
368 verbose reify failed optional dependency C:\Users\Krishna jadhav\Desktop\web\node_modules\@esbuild\linux-s390x
369 silly reify mark deleted [
369 silly reify   'C:\\Users\\Krishna jadhav\\Desktop\\web\\node_modules\\@esbuild\\linux-s390x'
369 silly reify ]
370 verbose reify failed optional dependency C:\Users\Krishna jadhav\Desktop\web\node_modules\@esbuild\linux-riscv64
371 silly reify mark deleted [
371 silly reify   'C:\\Users\\Krishna jadhav\\Desktop\\web\\node_modules\\@esbuild\\linux-riscv64'
371 silly reify ]
372 verbose reify failed optional dependency C:\Users\Krishna jadhav\Desktop\web\node_modules\@esbuild\linux-ppc64
373 silly reify mark deleted [
373 silly reify   'C:\\Users\\Krishna jadhav\\Desktop\\web\\node_modules\\@esbuild\\linux-ppc64'
373 silly reify ]
374 verbose reify failed optional dependency C:\Users\Krishna jadhav\Desktop\web\node_modules\@esbuild\linux-mips64el
375 silly reify mark deleted [
375 silly reify   'C:\\Users\\Krishna jadhav\\Desktop\\web\\node_modules\\@esbuild\\linux-mips64el'
375 silly reify ]
376 verbose reify failed optional dependency C:\Users\Krishna jadhav\Desktop\web\node_modules\@esbuild\linux-loong64
377 silly reify mark deleted [
377 silly reify   'C:\\Users\\Krishna jadhav\\Desktop\\web\\node_modules\\@esbuild\\linux-loong64'
377 silly reify ]
378 verbose reify failed optional dependency C:\Users\Krishna jadhav\Desktop\web\node_modules\@esbuild\linux-ia32
379 silly reify mark deleted [
379 silly reify   'C:\\Users\\Krishna jadhav\\Desktop\\web\\node_modules\\@esbuild\\linux-ia32'
379 silly reify ]
380 verbose reify failed optional dependency C:\Users\Krishna jadhav\Desktop\web\node_modules\@esbuild\linux-arm64
381 silly reify mark deleted [
381 silly reify   'C:\\Users\\Krishna jadhav\\Desktop\\web\\node_modules\\@esbuild\\linux-arm64'
381 silly reify ]
382 verbose reify failed optional dependency C:\Users\Krishna jadhav\Desktop\web\node_modules\@esbuild\linux-arm
383 silly reify mark deleted [
383 silly reify   'C:\\Users\\Krishna jadhav\\Desktop\\web\\node_modules\\@esbuild\\linux-arm'
383 silly reify ]
384 verbose reify failed optional dependency C:\Users\Krishna jadhav\Desktop\web\node_modules\@esbuild\freebsd-x64
385 silly reify mark deleted [
385 silly reify   'C:\\Users\\Krishna jadhav\\Desktop\\web\\node_modules\\@esbuild\\freebsd-x64'
385 silly reify ]
386 verbose reify failed optional dependency C:\Users\Krishna jadhav\Desktop\web\node_modules\@esbuild\freebsd-arm64
387 silly reify mark deleted [
387 silly reify   'C:\\Users\\Krishna jadhav\\Desktop\\web\\node_modules\\@esbuild\\freebsd-arm64'
387 silly reify ]
388 verbose reify failed optional dependency C:\Users\Krishna jadhav\Desktop\web\node_modules\@esbuild\darwin-x64
389 silly reify mark deleted [
389 silly reify   'C:\\Users\\Krishna jadhav\\Desktop\\web\\node_modules\\@esbuild\\darwin-x64'
389 silly reify ]
390 verbose reify failed optional dependency C:\Users\Krishna jadhav\Desktop\web\node_modules\@esbuild\darwin-arm64
391 silly reify mark deleted [
391 silly reify   'C:\\Users\\Krishna jadhav\\Desktop\\web\\node_modules\\@esbuild\\darwin-arm64'
391 silly reify ]
392 verbose reify failed optional dependency C:\Users\Krishna jadhav\Desktop\web\node_modules\@esbuild\android-x64
393 silly reify mark deleted [
393 silly reify   'C:\\Users\\Krishna jadhav\\Desktop\\web\\node_modules\\@esbuild\\android-x64'
393 silly reify ]
394 verbose reify failed optional dependency C:\Users\Krishna jadhav\Desktop\web\node_modules\@esbuild\android-arm64
395 silly reify mark deleted [
395 silly reify   'C:\\Users\\Krishna jadhav\\Desktop\\web\\node_modules\\@esbuild\\android-arm64'
395 silly reify ]
396 verbose reify failed optional dependency C:\Users\Krishna jadhav\Desktop\web\node_modules\@esbuild\android-arm
397 silly reify mark deleted [
397 silly reify   'C:\\Users\\Krishna jadhav\\Desktop\\web\\node_modules\\@esbuild\\android-arm'
397 silly reify ]
398 verbose reify failed optional dependency C:\Users\Krishna jadhav\Desktop\web\node_modules\@esbuild\aix-ppc64
399 silly reify mark deleted [
399 silly reify   'C:\\Users\\Krishna jadhav\\Desktop\\web\\node_modules\\@esbuild\\aix-ppc64'
399 silly reify ]
400 verbose reify failed optional dependency C:\Users\Krishna jadhav\Desktop\web\node_modules\fsevents
401 silly reify mark deleted [ 'C:\\Users\\Krishna jadhav\\Desktop\\web\\node_modules\\fsevents' ]
402 http cache source-map-js@https://registry.npmjs.org/source-map-js/-/source-map-js-1.2.1.tgz 0ms (cache hit)
403 http cache @types/estree@https://registry.npmjs.org/@types/estree/-/estree-1.0.6.tgz 1ms (cache hit)
404 http cache @rollup/rollup-win32-x64-msvc@https://registry.npmjs.org/@rollup/rollup-win32-x64-msvc/-/rollup-win32-x64-msvc-4.28.0.tgz 0ms (cache hit)
405 http cache nanoid@https://registry.npmjs.org/nanoid/-/nanoid-3.3.8.tgz 0ms (cache hit)
406 http cache @esbuild/win32-x64@https://registry.npmjs.org/@esbuild/win32-x64/-/win32-x64-0.24.0.tgz 0ms (cache hit)
407 http cache picocolors@https://registry.npmjs.org/picocolors/-/picocolors-1.1.1.tgz 1ms (cache hit)
408 http cache postcss@https://registry.npmjs.org/postcss/-/postcss-8.4.49.tgz 0ms (cache hit)
409 http cache rollup@https://registry.npmjs.org/rollup/-/rollup-4.28.0.tgz 0ms (cache hit)
410 http cache esbuild@https://registry.npmjs.org/esbuild/-/esbuild-0.24.0.tgz 0ms (cache hit)
411 http cache vite@https://registry.npmjs.org/vite/-/vite-6.0.3.tgz 0ms (cache hit)
412 silly tarball no local data for @rollup/rollup-win32-x64-msvc@https://registry.npmjs.org/@rollup/rollup-win32-x64-msvc/-/rollup-win32-x64-msvc-4.28.0.tgz. Extracting by manifest.
413 silly tarball no local data for @esbuild/win32-x64@https://registry.npmjs.org/@esbuild/win32-x64/-/win32-x64-0.24.0.tgz. Extracting by manifest.
414 silly tarball no local data for rollup@https://registry.npmjs.org/rollup/-/rollup-4.28.0.tgz. Extracting by manifest.
415 silly tarball no local data for esbuild@https://registry.npmjs.org/esbuild/-/esbuild-0.24.0.tgz. Extracting by manifest.
416 silly tarball no local data for vite@https://registry.npmjs.org/vite/-/vite-6.0.3.tgz. Extracting by manifest.
417 http fetch GET 200 https://registry.npmjs.org/esbuild/-/esbuild-0.24.0.tgz 135ms (cache miss)
418 http fetch POST 200 https://registry.npmjs.org/-/npm/v1/security/advisories/bulk 362ms
419 silly audit report {}
420 http fetch GET 200 https://registry.npmjs.org/rollup/-/rollup-4.28.0.tgz 368ms (cache miss)
421 http fetch GET 200 https://registry.npmjs.org/@rollup/rollup-win32-x64-msvc/-/rollup-win32-x64-msvc-4.28.0.tgz 393ms (cache miss)
422 http fetch GET 200 https://registry.npmjs.org/vite/-/vite-6.0.3.tgz 488ms (cache miss)
423 http fetch GET 200 https://registry.npmjs.org/@esbuild/win32-x64/-/win32-x64-0.24.0.tgz 875ms (cache miss)
424 info run esbuild@0.24.0 postinstall node_modules/esbuild node install.js
425 info run esbuild@0.24.0 postinstall { code: 0, signal: null }
426 silly ADD node_modules/@types/estree
427 silly ADD node_modules/@rollup/rollup-win32-x64-msvc
428 silly ADD
429 silly ADD
430 silly ADD
431 silly ADD
432 silly ADD
433 silly ADD
434 silly ADD
435 silly ADD
436 silly ADD
437 silly ADD
438 silly ADD
439 silly ADD
440 silly ADD
441 silly ADD
442 silly ADD
443 silly ADD
444 silly ADD
445 silly ADD node_modules/source-map-js
446 silly ADD node_modules/picocolors
447 silly ADD node_modules/nanoid
448 silly ADD node_modules/@esbuild/win32-x64
449 silly ADD
450 silly ADD
451 silly ADD
452 silly ADD
453 silly ADD
454 silly ADD
455 silly ADD
456 silly ADD
457 silly ADD
458 silly ADD
459 silly ADD
460 silly ADD
461 silly ADD
462 silly ADD
463 silly ADD
464 silly ADD
465 silly ADD
466 silly ADD
467 silly ADD
468 silly ADD
469 silly ADD
470 silly ADD
471 silly ADD
472 silly ADD node_modules/rollup
473 silly ADD node_modules/postcss
474 silly ADD
475 silly ADD node_modules/esbuild
476 silly ADD node_modules/vite
477 verbose cwd C:\Users\Krishna jadhav\Desktop\web\reactLearnings
478 verbose os Windows_NT 10.0.22621
479 verbose node v20.17.0
480 verbose npm  v10.9.1
481 verbose exit 0
482 info ok
