0 verbose cli C:\Program Files\nodejs\node.exe C:\Users\Krishna jadhav\Desktop\web\reactLearnings\%APPDATA%\npm\node_modules\npm\bin\npm-cli.js
1 info using npm@10.9.1
2 info using node@v20.17.0
3 silly config load:file:C:\Users\Krishna jadhav\Desktop\web\reactLearnings\%APPDATA%\npm\node_modules\npm\npmrc
4 silly config load:file:C:\Users\Krishna jadhav\Desktop\web\reactLearnings\01basicreact\.npmrc
5 silly config load:file:C:\Users\Krishna jadhav\.npmrc
6 silly config load:file:C:\Users\Krishna jadhav\Desktop\web\reactLearnings\%APPDATA%\npm\etc\npmrc
7 verbose title npm install @testing-library/jest-dom@^5.14.1 @testing-library/react@^13.0.0 @testing-library/user-event@^13.2.1 web-vitals@^2.1.0
8 verbose argv "install" "--no-audit" "--save" "@testing-library/jest-dom@^5.14.1" "@testing-library/react@^13.0.0" "@testing-library/user-event@^13.2.1" "web-vitals@^2.1.0"
9 verbose logfile logs-max:10 dir:C:\Users\Krishna jadhav\Desktop\web\reactLearnings\%LOCALAPPDATA%\npm-cache\_logs\2024-12-02T13_31_56_653Z-
10 verbose logfile C:\Users\Krishna jadhav\Desktop\web\reactLearnings\%LOCALAPPDATA%\npm-cache\_logs\2024-12-02T13_31_56_653Z-debug-0.log
11 silly logfile done cleaning log files
12 silly packumentCache heap:2197815296 maxSize:549453824 maxEntrySize:274726912
13 silly idealTree buildDeps
14 silly fetch manifest @testing-library/jest-dom@^5.14.1
15 silly packumentCache full:https://registry.npmjs.org/@testing-library%2fjest-dom cache-miss
16 http fetch GET 200 https://registry.npmjs.org/@testing-library%2fjest-dom 1076ms (cache miss)
17 silly packumentCache full:https://registry.npmjs.org/@testing-library%2fjest-dom set size:undefined disposed:false
18 silly fetch manifest @testing-library/react@^13.0.0
19 silly packumentCache full:https://registry.npmjs.org/@testing-library%2freact cache-miss
20 http fetch GET 200 https://registry.npmjs.org/@testing-library%2freact 293ms (cache miss)
21 silly packumentCache full:https://registry.npmjs.org/@testing-library%2freact set size:undefined disposed:false
22 silly fetch manifest react@^18.3.1
23 silly packumentCache full:https://registry.npmjs.org/react cache-miss
24 http cache https://registry.npmjs.org/react 42ms (cache hit)
25 silly packumentCache full:https://registry.npmjs.org/react set size:5187790 disposed:false
26 silly fetch manifest react-dom@^18.3.1
27 silly packumentCache full:https://registry.npmjs.org/react-dom cache-miss
28 http cache https://registry.npmjs.org/react-dom 33ms (cache hit)
29 silly packumentCache full:https://registry.npmjs.org/react-dom set size:6369154 disposed:false
30 silly fetch manifest @testing-library/user-event@^13.2.1
31 silly packumentCache full:https://registry.npmjs.org/@testing-library%2fuser-event cache-miss
32 http fetch GET 200 https://registry.npmjs.org/@testing-library%2fuser-event 197ms (cache miss)
33 silly packumentCache full:https://registry.npmjs.org/@testing-library%2fuser-event set size:undefined disposed:false
34 silly fetch manifest @testing-library/dom@>=7.21.4
35 silly packumentCache full:https://registry.npmjs.org/@testing-library%2fdom cache-miss
36 http fetch GET 200 https://registry.npmjs.org/@testing-library%2fdom 100ms (cache miss)
37 silly packumentCache full:https://registry.npmjs.org/@testing-library%2fdom set size:undefined disposed:false
38 silly fetch manifest web-vitals@^2.1.0
39 silly packumentCache full:https://registry.npmjs.org/web-vitals cache-miss
40 http fetch GET 200 https://registry.npmjs.org/web-vitals 60ms (cache miss)
41 silly packumentCache full:https://registry.npmjs.org/web-vitals set size:undefined disposed:false
42 silly placeDep ROOT @testing-library/jest-dom@5.17.0 OK for: 01basicreact@0.1.0 want: ^5.14.1
43 silly placeDep ROOT @testing-library/react@13.4.0 OK for: 01basicreact@0.1.0 want: ^13.0.0
44 silly placeDep ROOT @testing-library/user-event@13.5.0 OK for: 01basicreact@0.1.0 want: ^13.2.1
45 silly placeDep ROOT @testing-library/dom@10.4.0 OK for: @testing-library/user-event@13.5.0 want: >=7.21.4
46 silly placeDep ROOT web-vitals@2.1.4 OK for: 01basicreact@0.1.0 want: ^2.1.0
47 silly fetch manifest chalk@^3.0.0
48 silly packumentCache full:https://registry.npmjs.org/chalk cache-miss
49 silly fetch manifest redent@^3.0.0
50 silly packumentCache full:https://registry.npmjs.org/redent cache-miss
51 silly fetch manifest css.escape@^1.5.1
52 silly packumentCache full:https://registry.npmjs.org/css.escape cache-miss
53 silly fetch manifest @adobe/css-tools@^4.0.1
54 silly packumentCache full:https://registry.npmjs.org/@adobe%2fcss-tools cache-miss
55 silly fetch manifest dom-accessibility-api@^0.5.6
56 silly packumentCache full:https://registry.npmjs.org/dom-accessibility-api cache-miss
57 silly fetch manifest @types/testing-library__jest-dom@^5.9.1
58 silly packumentCache full:https://registry.npmjs.org/@types%2ftesting-library__jest-dom cache-miss
59 silly fetch manifest @types/react-dom@^18.0.0
60 silly packumentCache full:https://registry.npmjs.org/@types%2freact-dom cache-miss
61 silly fetch manifest @testing-library/dom@^8.5.0
62 silly packumentCache full:https://registry.npmjs.org/@testing-library%2fdom cache-miss
63 silly fetch manifest lz-string@^1.5.0
64 silly packumentCache full:https://registry.npmjs.org/lz-string cache-miss
65 silly fetch manifest aria-query@5.3.0
66 silly packumentCache full:https://registry.npmjs.org/aria-query cache-miss
67 silly fetch manifest @types/aria-query@^5.0.1
68 silly packumentCache full:https://registry.npmjs.org/@types%2faria-query cache-miss
69 http cache https://registry.npmjs.org/@testing-library%2fdom 62ms (cache hit)
70 silly packumentCache full:https://registry.npmjs.org/@testing-library%2fdom set size:1092920 disposed:false
71 silly fetch manifest dom-accessibility-api@^0.5.9
72 silly packumentCache full:https://registry.npmjs.org/dom-accessibility-api cache-miss
73 http cache https://registry.npmjs.org/chalk 112ms (cache hit)
74 silly packumentCache full:https://registry.npmjs.org/chalk set size:141427 disposed:false
75 http cache https://registry.npmjs.org/aria-query 135ms (cache hit)
76 silly packumentCache full:https://registry.npmjs.org/aria-query set size:98864 disposed:false
77 http fetch GET 200 https://registry.npmjs.org/redent 178ms (cache miss)
78 silly packumentCache full:https://registry.npmjs.org/redent set size:undefined disposed:false
79 http fetch GET 200 https://registry.npmjs.org/dom-accessibility-api 94ms (cache miss)
80 silly packumentCache full:https://registry.npmjs.org/dom-accessibility-api set size:undefined disposed:false
81 http fetch GET 200 https://registry.npmjs.org/css.escape 194ms (cache miss)
82 silly packumentCache full:https://registry.npmjs.org/css.escape set size:undefined disposed:false
83 http fetch GET 200 https://registry.npmjs.org/dom-accessibility-api 252ms (cache miss)
84 silly packumentCache full:https://registry.npmjs.org/dom-accessibility-api set size:undefined disposed:false
85 http fetch GET 200 https://registry.npmjs.org/lz-string 252ms (cache miss)
86 silly packumentCache full:https://registry.npmjs.org/lz-string set size:undefined disposed:false
87 http fetch GET 200 https://registry.npmjs.org/@types%2faria-query 252ms (cache miss)
88 silly packumentCache full:https://registry.npmjs.org/@types%2faria-query set size:undefined disposed:false
89 http fetch GET 200 https://registry.npmjs.org/@adobe%2fcss-tools 267ms (cache miss)
90 silly packumentCache full:https://registry.npmjs.org/@adobe%2fcss-tools set size:undefined disposed:false
91 http fetch GET 200 https://registry.npmjs.org/@types%2ftesting-library__jest-dom 267ms (cache miss)
92 silly packumentCache full:https://registry.npmjs.org/@types%2ftesting-library__jest-dom set size:undefined disposed:false
93 http fetch GET 200 https://registry.npmjs.org/@types%2freact-dom 279ms (cache miss)
94 silly packumentCache full:https://registry.npmjs.org/@types%2freact-dom set size:undefined disposed:false
95 silly placeDep ROOT @types/aria-query@5.0.4 OK for: @testing-library/dom@10.4.0 want: ^5.0.1
96 silly placeDep node_modules/@testing-library/dom aria-query@5.3.0 OK for: @testing-library/dom@10.4.0 want: 5.3.0
97 silly placeDep ROOT dom-accessibility-api@0.5.16 OK for: @testing-library/dom@10.4.0 want: ^0.5.9
98 silly placeDep ROOT lz-string@1.5.0 OK for: @testing-library/dom@10.4.0 want: ^1.5.0
99 silly fetch manifest dequal@^2.0.3
100 silly packumentCache full:https://registry.npmjs.org/dequal cache-miss
101 http fetch GET 200 https://registry.npmjs.org/dequal 45ms (cache miss)
102 silly packumentCache full:https://registry.npmjs.org/dequal set size:undefined disposed:false
103 silly placeDep ROOT @adobe/css-tools@4.4.1 OK for: @testing-library/jest-dom@5.17.0 want: ^4.0.1
104 silly placeDep ROOT @types/testing-library__jest-dom@5.14.9 OK for: @testing-library/jest-dom@5.17.0 want: ^5.9.1
105 silly placeDep node_modules/@testing-library/jest-dom chalk@3.0.0 OK for: @testing-library/jest-dom@5.17.0 want: ^3.0.0
106 silly placeDep ROOT css.escape@1.5.1 OK for: @testing-library/jest-dom@5.17.0 want: ^1.5.1
107 silly placeDep ROOT redent@3.0.0 OK for: @testing-library/jest-dom@5.17.0 want: ^3.0.0
108 silly fetch manifest @types/jest@*
109 silly packumentCache full:https://registry.npmjs.org/@types%2fjest cache-miss
110 silly fetch manifest indent-string@^4.0.0
111 silly packumentCache full:https://registry.npmjs.org/indent-string cache-miss
112 silly fetch manifest strip-indent@^3.0.0
113 silly packumentCache full:https://registry.npmjs.org/strip-indent cache-miss
114 http fetch GET 200 https://registry.npmjs.org/indent-string 54ms (cache miss)
115 silly packumentCache full:https://registry.npmjs.org/indent-string set size:undefined disposed:false
116 http fetch GET 200 https://registry.npmjs.org/strip-indent 68ms (cache miss)
117 silly packumentCache full:https://registry.npmjs.org/strip-indent set size:undefined disposed:false
118 http fetch GET 200 https://registry.npmjs.org/@types%2fjest 109ms (cache miss)
119 silly packumentCache full:https://registry.npmjs.org/@types%2fjest set size:undefined disposed:false
120 silly placeDep node_modules/@testing-library/react @testing-library/dom@8.20.1 OK for: @testing-library/react@13.4.0 want: ^8.5.0
121 silly placeDep ROOT @types/react-dom@18.3.1 OK for: @testing-library/react@13.4.0 want: ^18.0.0
122 silly fetch manifest aria-query@5.1.3
123 silly packumentCache full:https://registry.npmjs.org/aria-query cache-hit
124 silly fetch manifest @types/react@*
125 silly packumentCache full:https://registry.npmjs.org/@types%2freact cache-miss
126 http fetch GET 200 https://registry.npmjs.org/@types%2freact 114ms (cache miss)
127 silly packumentCache full:https://registry.npmjs.org/@types%2freact set size:undefined disposed:false
128 silly placeDep ROOT @types/react@18.3.12 OK for: @types/react-dom@18.3.1 want: *
129 silly fetch manifest csstype@^3.0.2
130 silly packumentCache full:https://registry.npmjs.org/csstype cache-miss
131 silly fetch manifest @types/prop-types@*
132 silly packumentCache full:https://registry.npmjs.org/@types%2fprop-types cache-miss
133 http fetch GET 200 https://registry.npmjs.org/csstype 71ms (cache miss)
134 silly packumentCache full:https://registry.npmjs.org/csstype set size:undefined disposed:false
135 http fetch GET 200 https://registry.npmjs.org/@types%2fprop-types 105ms (cache miss)
136 silly packumentCache full:https://registry.npmjs.org/@types%2fprop-types set size:undefined disposed:false
137 silly placeDep ROOT @types/prop-types@15.7.13 OK for: @types/react@18.3.12 want: *
138 silly placeDep ROOT csstype@3.1.3 OK for: @types/react@18.3.12 want: ^3.0.2
139 silly placeDep ROOT @types/jest@29.5.14 OK for: @types/testing-library__jest-dom@5.14.9 want: *
140 silly fetch manifest expect@^29.0.0
141 silly packumentCache full:https://registry.npmjs.org/expect cache-miss
142 silly fetch manifest pretty-format@^29.0.0
143 silly packumentCache full:https://registry.npmjs.org/pretty-format cache-miss
144 http cache https://registry.npmjs.org/pretty-format 15ms (cache hit)
145 silly packumentCache full:https://registry.npmjs.org/pretty-format set size:568283 disposed:false
146 http cache https://registry.npmjs.org/expect 27ms (cache hit)
147 silly packumentCache full:https://registry.npmjs.org/expect set size:602552 disposed:false
148 silly placeDep node_modules/@types/jest expect@29.7.0 OK for: @types/jest@29.5.14 want: ^29.0.0
149 silly placeDep node_modules/@types/jest pretty-format@29.7.0 OK for: @types/jest@29.5.14 want: ^29.0.0
150 silly fetch manifest jest-util@^29.7.0
151 silly packumentCache full:https://registry.npmjs.org/jest-util cache-miss
152 silly fetch manifest jest-get-type@^29.6.3
153 silly packumentCache full:https://registry.npmjs.org/jest-get-type cache-miss
154 silly fetch manifest jest-message-util@^29.7.0
155 silly packumentCache full:https://registry.npmjs.org/jest-message-util cache-miss
156 silly fetch manifest @jest/expect-utils@^29.7.0
157 silly packumentCache full:https://registry.npmjs.org/@jest%2fexpect-utils cache-miss
158 silly fetch manifest jest-matcher-utils@^29.7.0
159 silly packumentCache full:https://registry.npmjs.org/jest-matcher-utils cache-miss
160 silly fetch manifest react-is@^18.0.0
161 silly packumentCache full:https://registry.npmjs.org/react-is cache-miss
162 silly fetch manifest ansi-styles@^5.0.0
163 silly packumentCache full:https://registry.npmjs.org/ansi-styles cache-miss
164 silly fetch manifest @jest/schemas@^29.6.3
165 silly packumentCache full:https://registry.npmjs.org/@jest%2fschemas cache-miss
166 http cache https://registry.npmjs.org/jest-util 38ms (cache hit)
167 silly packumentCache full:https://registry.npmjs.org/jest-util set size:560743 disposed:false
168 http cache https://registry.npmjs.org/jest-get-type 49ms (cache hit)
169 silly packumentCache full:https://registry.npmjs.org/jest-get-type set size:199322 disposed:false
170 http cache https://registry.npmjs.org/jest-message-util 54ms (cache hit)
171 silly packumentCache full:https://registry.npmjs.org/jest-message-util set size:484970 disposed:false
172 http cache https://registry.npmjs.org/jest-matcher-utils 55ms (cache hit)
173 silly packumentCache full:https://registry.npmjs.org/jest-matcher-utils set size:536420 disposed:false
174 http cache https://registry.npmjs.org/react-is 73ms (cache hit)
175 silly packumentCache full:https://registry.npmjs.org/react-is set size:4235236 disposed:false
176 http cache https://registry.npmjs.org/@jest%2fschemas 132ms (cache hit)
177 silly packumentCache full:https://registry.npmjs.org/@jest%2fschemas set size:56414 disposed:false
178 http cache https://registry.npmjs.org/ansi-styles 136ms (cache hit)
179 silly packumentCache full:https://registry.npmjs.org/ansi-styles set size:66356 disposed:false
180 http fetch GET 200 https://registry.npmjs.org/@jest%2fexpect-utils 155ms (cache miss)
181 silly packumentCache full:https://registry.npmjs.org/@jest%2fexpect-utils set size:undefined disposed:false
182 silly fetch manifest typescript@^3.2.1 || ^4
183 silly packumentCache full:https://registry.npmjs.org/typescript cache-miss
184 http cache https://registry.npmjs.org/typescript 73ms (cache hit)
185 silly packumentCache full:https://registry.npmjs.org/typescript set size:13533388 disposed:false
186 silly placeDep ROOT typescript@4.9.5 REPLACE for: react-scripts@5.0.1 want: ^3.2.1 || ^4
187 silly placeDep ROOT indent-string@4.0.0 OK for: redent@3.0.0 want: ^4.0.0
188 silly placeDep ROOT strip-indent@3.0.0 OK for: redent@3.0.0 want: ^3.0.0
189 silly fetch manifest min-indent@^1.0.0
190 silly packumentCache full:https://registry.npmjs.org/min-indent cache-miss
191 http fetch GET 200 https://registry.npmjs.org/min-indent 67ms (cache miss)
192 silly packumentCache full:https://registry.npmjs.org/min-indent set size:undefined disposed:false
193 silly placeDep ROOT min-indent@1.0.1 OK for: strip-indent@3.0.0 want: ^1.0.0
194 silly placeDep ROOT dequal@2.0.3 OK for: aria-query@5.3.0 want: ^2.0.3
195 silly placeDep node_modules/@testing-library/react aria-query@5.1.3 OK for: @testing-library/dom@8.20.1 want: 5.1.3
196 silly fetch manifest deep-equal@^2.0.5
197 silly packumentCache full:https://registry.npmjs.org/deep-equal cache-miss
198 http fetch GET 200 https://registry.npmjs.org/deep-equal 74ms (cache miss)
199 silly packumentCache full:https://registry.npmjs.org/deep-equal set size:undefined disposed:false
200 silly placeDep ROOT deep-equal@2.2.3 OK for: aria-query@5.1.3 want: ^2.0.5
201 silly fetch manifest es-get-iterator@^1.1.3
202 silly packumentCache full:https://registry.npmjs.org/es-get-iterator cache-miss
203 silly fetch manifest is-arguments@^1.1.1
204 silly packumentCache full:https://registry.npmjs.org/is-arguments cache-miss
205 silly fetch manifest object-is@^1.1.5
206 silly packumentCache full:https://registry.npmjs.org/object-is cache-miss
207 http fetch GET 200 https://registry.npmjs.org/es-get-iterator 57ms (cache miss)
208 silly packumentCache full:https://registry.npmjs.org/es-get-iterator set size:undefined disposed:false
209 http fetch GET 200 https://registry.npmjs.org/object-is 67ms (cache miss)
210 silly packumentCache full:https://registry.npmjs.org/object-is set size:undefined disposed:false
211 http fetch GET 200 https://registry.npmjs.org/is-arguments 78ms (cache miss)
212 silly packumentCache full:https://registry.npmjs.org/is-arguments set size:undefined disposed:false
213 silly placeDep ROOT es-get-iterator@1.1.3 OK for: deep-equal@2.2.3 want: ^1.1.3
214 silly placeDep ROOT is-arguments@1.1.1 OK for: deep-equal@2.2.3 want: ^1.1.1
215 silly placeDep ROOT object-is@1.1.6 OK for: deep-equal@2.2.3 want: ^1.1.5
216 silly fetch manifest stop-iteration-iterator@^1.0.0
217 silly packumentCache full:https://registry.npmjs.org/stop-iteration-iterator cache-miss
218 http fetch GET 200 https://registry.npmjs.org/stop-iteration-iterator 75ms (cache miss)
219 silly packumentCache full:https://registry.npmjs.org/stop-iteration-iterator set size:undefined disposed:false
220 silly placeDep ROOT stop-iteration-iterator@1.0.0 OK for: es-get-iterator@1.1.3 want: ^1.0.0
221 silly placeDep ROOT @jest/expect-utils@29.7.0 OK for: expect@29.7.0 want: ^29.7.0
222 silly placeDep node_modules/@types/jest jest-get-type@29.6.3 OK for: expect@29.7.0 want: ^29.6.3
223 silly placeDep node_modules/@types/jest jest-matcher-utils@29.7.0 OK for: expect@29.7.0 want: ^29.7.0
224 silly placeDep node_modules/@types/jest jest-message-util@29.7.0 OK for: expect@29.7.0 want: ^29.7.0
225 silly placeDep node_modules/@types/jest jest-util@29.7.0 OK for: expect@29.7.0 want: ^29.7.0
226 silly fetch manifest jest-diff@^29.7.0
227 silly packumentCache full:https://registry.npmjs.org/jest-diff cache-miss
228 silly fetch manifest @jest/types@^29.6.3
229 silly packumentCache full:https://registry.npmjs.org/@jest%2ftypes cache-miss
230 silly fetch manifest @jest/types@^29.6.3
231 silly packumentCache full:https://registry.npmjs.org/@jest%2ftypes cache-miss
232 http cache https://registry.npmjs.org/@jest%2ftypes 16ms (cache hit)
233 silly packumentCache full:https://registry.npmjs.org/@jest%2ftypes set size:270301 disposed:false
234 http cache https://registry.npmjs.org/jest-diff 28ms (cache hit)
235 silly packumentCache full:https://registry.npmjs.org/jest-diff set size:515410 disposed:false
236 http cache https://registry.npmjs.org/@jest%2ftypes 38ms (cache hit)
237 silly packumentCache full:https://registry.npmjs.org/@jest%2ftypes set size:270301 disposed:false
238 silly packumentCache full:https://registry.npmjs.org/@jest%2ftypes dispose
239 silly placeDep node_modules/@jest/expect-utils jest-get-type@29.6.3 OK for: @jest/expect-utils@29.7.0 want: ^29.6.3
240 silly placeDep node_modules/@types/jest jest-diff@29.7.0 OK for: jest-matcher-utils@29.7.0 want: ^29.7.0
241 silly fetch manifest diff-sequences@^29.6.3
242 silly packumentCache full:https://registry.npmjs.org/diff-sequences cache-miss
243 http cache https://registry.npmjs.org/diff-sequences 10ms (cache hit)
244 silly packumentCache full:https://registry.npmjs.org/diff-sequences set size:178619 disposed:false
245 silly placeDep node_modules/@types/jest diff-sequences@29.6.3 OK for: jest-diff@29.7.0 want: ^29.6.3
246 silly placeDep node_modules/@types/jest @jest/types@29.6.3 OK for: jest-message-util@29.7.0 want: ^29.6.3
247 silly fetch manifest @types/yargs@^17.0.8
248 silly packumentCache full:https://registry.npmjs.org/@types%2fyargs cache-miss
249 http cache https://registry.npmjs.org/@types%2fyargs 16ms (cache hit)
250 silly packumentCache full:https://registry.npmjs.org/@types%2fyargs set size:379158 disposed:false
251 silly placeDep node_modules/@types/jest @jest/schemas@29.6.3 OK for: @jest/types@29.6.3 want: ^29.6.3
252 silly placeDep node_modules/@types/jest @types/yargs@17.0.33 OK for: @jest/types@29.6.3 want: ^17.0.8
253 silly fetch manifest @sinclair/typebox@^0.27.8
254 silly packumentCache full:https://registry.npmjs.org/@sinclair%2ftypebox cache-miss
255 http cache https://registry.npmjs.org/@sinclair%2ftypebox 16ms (cache hit)
256 silly packumentCache full:https://registry.npmjs.org/@sinclair%2ftypebox set size:1081368 disposed:false
257 silly placeDep node_modules/@types/jest @sinclair/typebox@0.27.8 OK for: @jest/schemas@29.6.3 want: ^0.27.8
258 silly placeDep node_modules/@types/jest ansi-styles@5.2.0 OK for: pretty-format@29.7.0 want: ^5.0.0
259 silly placeDep node_modules/@types/jest react-is@18.3.1 OK for: pretty-format@29.7.0 want: ^18.0.0
260 silly reify mark retired [
260 silly reify   'C:\\Users\\Krishna jadhav\\Desktop\\web\\reactLearnings\\01basicreact\\node_modules\\typescript',
260 silly reify   'C:\\Users\\Krishna jadhav\\Desktop\\web\\reactLearnings\\01basicreact\\node_modules\\.bin\\tsc',
260 silly reify   'C:\\Users\\Krishna jadhav\\Desktop\\web\\reactLearnings\\01basicreact\\node_modules\\.bin\\tsc.cmd',
260 silly reify   'C:\\Users\\Krishna jadhav\\Desktop\\web\\reactLearnings\\01basicreact\\node_modules\\.bin\\tsc.ps1',
260 silly reify   'C:\\Users\\Krishna jadhav\\Desktop\\web\\reactLearnings\\01basicreact\\node_modules\\.bin\\tsserver',
260 silly reify   'C:\\Users\\Krishna jadhav\\Desktop\\web\\reactLearnings\\01basicreact\\node_modules\\.bin\\tsserver.cmd',
260 silly reify   'C:\\Users\\Krishna jadhav\\Desktop\\web\\reactLearnings\\01basicreact\\node_modules\\.bin\\tsserver.ps1'
260 silly reify ]
261 silly reify moves {
261 silly reify   'C:\\Users\\Krishna jadhav\\Desktop\\web\\reactLearnings\\01basicreact\\node_modules\\typescript': 'C:\\Users\\Krishna jadhav\\Desktop\\web\\reactLearnings\\01basicreact\\node_modules\\.typescript-5wfY5Grp',
261 silly reify   'C:\\Users\\Krishna jadhav\\Desktop\\web\\reactLearnings\\01basicreact\\node_modules\\.bin\\tsc': 'C:\\Users\\Krishna jadhav\\Desktop\\web\\reactLearnings\\01basicreact\\node_modules\\.bin\\.tsc-zxPtDr0q',
261 silly reify   'C:\\Users\\Krishna jadhav\\Desktop\\web\\reactLearnings\\01basicreact\\node_modules\\.bin\\tsc.cmd': 'C:\\Users\\Krishna jadhav\\Desktop\\web\\reactLearnings\\01basicreact\\node_modules\\.bin\\.tsc.cmd-HNGj69R9',
261 silly reify   'C:\\Users\\Krishna jadhav\\Desktop\\web\\reactLearnings\\01basicreact\\node_modules\\.bin\\tsc.ps1': 'C:\\Users\\Krishna jadhav\\Desktop\\web\\reactLearnings\\01basicreact\\node_modules\\.bin\\.tsc.ps1-zf0ww3PR',
261 silly reify   'C:\\Users\\Krishna jadhav\\Desktop\\web\\reactLearnings\\01basicreact\\node_modules\\.bin\\tsserver': 'C:\\Users\\Krishna jadhav\\Desktop\\web\\reactLearnings\\01basicreact\\node_modules\\.bin\\.tsserver-pjOqntdO',
261 silly reify   'C:\\Users\\Krishna jadhav\\Desktop\\web\\reactLearnings\\01basicreact\\node_modules\\.bin\\tsserver.cmd': 'C:\\Users\\Krishna jadhav\\Desktop\\web\\reactLearnings\\01basicreact\\node_modules\\.bin\\.tsserver.cmd-q2zK9RVi',
261 silly reify   'C:\\Users\\Krishna jadhav\\Desktop\\web\\reactLearnings\\01basicreact\\node_modules\\.bin\\tsserver.ps1': 'C:\\Users\\Krishna jadhav\\Desktop\\web\\reactLearnings\\01basicreact\\node_modules\\.bin\\.tsserver.ps1-ktZGoNvJ'
261 silly reify }
262 verbose reify failed optional dependency C:\Users\Krishna jadhav\Desktop\web\reactLearnings\01basicreact\node_modules\fsevents
263 silly reify mark deleted [
263 silly reify   'C:\\Users\\Krishna jadhav\\Desktop\\web\\reactLearnings\\01basicreact\\node_modules\\fsevents'
263 silly reify ]
264 http cache @jest/expect-utils@https://registry.npmjs.org/@jest/expect-utils/-/expect-utils-29.7.0.tgz 1ms (cache hit)
265 http cache stop-iteration-iterator@https://registry.npmjs.org/stop-iteration-iterator/-/stop-iteration-iterator-1.0.0.tgz 0ms (cache hit)
266 http cache object-is@https://registry.npmjs.org/object-is/-/object-is-1.1.6.tgz 0ms (cache hit)
267 http cache is-arguments@https://registry.npmjs.org/is-arguments/-/is-arguments-1.1.1.tgz 0ms (cache hit)
268 http cache es-get-iterator@https://registry.npmjs.org/es-get-iterator/-/es-get-iterator-1.1.3.tgz 0ms (cache hit)
269 http cache deep-equal@https://registry.npmjs.org/deep-equal/-/deep-equal-2.2.3.tgz 0ms (cache hit)
270 http cache strip-indent@https://registry.npmjs.org/strip-indent/-/strip-indent-3.0.0.tgz 0ms (cache hit)
271 http cache dequal@https://registry.npmjs.org/dequal/-/dequal-2.0.3.tgz 0ms (cache hit)
272 http cache min-indent@https://registry.npmjs.org/min-indent/-/min-indent-1.0.1.tgz 0ms (cache hit)
273 http cache indent-string@https://registry.npmjs.org/indent-string/-/indent-string-4.0.0.tgz 0ms (cache hit)
274 http cache @types/jest@https://registry.npmjs.org/@types/jest/-/jest-29.5.14.tgz 0ms (cache hit)
275 http cache csstype@https://registry.npmjs.org/csstype/-/csstype-3.1.3.tgz 0ms (cache hit)
276 http cache @types/prop-types@https://registry.npmjs.org/@types/prop-types/-/prop-types-15.7.13.tgz 0ms (cache hit)
277 http cache @types/react@https://registry.npmjs.org/@types/react/-/react-18.3.12.tgz 0ms (cache hit)
278 http cache @types/react-dom@https://registry.npmjs.org/@types/react-dom/-/react-dom-18.3.1.tgz 0ms (cache hit)
279 http cache redent@https://registry.npmjs.org/redent/-/redent-3.0.0.tgz 0ms (cache hit)
280 http cache css.escape@https://registry.npmjs.org/css.escape/-/css.escape-1.5.1.tgz 0ms (cache hit)
281 http cache @adobe/css-tools@https://registry.npmjs.org/@adobe/css-tools/-/css-tools-4.4.1.tgz 0ms (cache hit)
282 http cache lz-string@https://registry.npmjs.org/lz-string/-/lz-string-1.5.0.tgz 0ms (cache hit)
283 http cache dom-accessibility-api@https://registry.npmjs.org/dom-accessibility-api/-/dom-accessibility-api-0.5.16.tgz 0ms (cache hit)
284 http cache @types/testing-library__jest-dom@https://registry.npmjs.org/@types/testing-library__jest-dom/-/testing-library__jest-dom-5.14.9.tgz 0ms (cache hit)
285 http cache @types/aria-query@https://registry.npmjs.org/@types/aria-query/-/aria-query-5.0.4.tgz 0ms (cache hit)
286 http cache web-vitals@https://registry.npmjs.org/web-vitals/-/web-vitals-2.1.4.tgz 0ms (cache hit)
287 http cache @testing-library/dom@https://registry.npmjs.org/@testing-library/dom/-/dom-10.4.0.tgz 0ms (cache hit)
288 http cache @testing-library/user-event@https://registry.npmjs.org/@testing-library/user-event/-/user-event-13.5.0.tgz 0ms (cache hit)
289 http cache @testing-library/react@https://registry.npmjs.org/@testing-library/react/-/react-13.4.0.tgz 0ms (cache hit)
290 http cache typescript@https://registry.npmjs.org/typescript/-/typescript-4.9.5.tgz 0ms (cache hit)
291 http cache @testing-library/jest-dom@https://registry.npmjs.org/@testing-library/jest-dom/-/jest-dom-5.17.0.tgz 0ms (cache hit)
292 http cache ansi-styles@https://registry.npmjs.org/ansi-styles/-/ansi-styles-5.2.0.tgz 0ms (cache hit)
293 http cache jest-get-type@https://registry.npmjs.org/jest-get-type/-/jest-get-type-29.6.3.tgz 0ms (cache hit)
294 http cache react-is@https://registry.npmjs.org/react-is/-/react-is-18.3.1.tgz 0ms (cache hit)
295 http cache @sinclair/typebox@https://registry.npmjs.org/@sinclair/typebox/-/typebox-0.27.8.tgz 0ms (cache hit)
296 http cache @types/yargs@https://registry.npmjs.org/@types/yargs/-/yargs-17.0.33.tgz 0ms (cache hit)
297 http cache @jest/schemas@https://registry.npmjs.org/@jest/schemas/-/schemas-29.6.3.tgz 0ms (cache hit)
298 http cache @jest/types@https://registry.npmjs.org/@jest/types/-/types-29.6.3.tgz 0ms (cache hit)
299 http cache diff-sequences@https://registry.npmjs.org/diff-sequences/-/diff-sequences-29.6.3.tgz 0ms (cache hit)
300 http cache jest-diff@https://registry.npmjs.org/jest-diff/-/jest-diff-29.7.0.tgz 0ms (cache hit)
301 http cache jest-util@https://registry.npmjs.org/jest-util/-/jest-util-29.7.0.tgz 0ms (cache hit)
302 http cache jest-matcher-utils@https://registry.npmjs.org/jest-matcher-utils/-/jest-matcher-utils-29.7.0.tgz 0ms (cache hit)
303 http cache jest-message-util@https://registry.npmjs.org/jest-message-util/-/jest-message-util-29.7.0.tgz 0ms (cache hit)
304 http cache jest-get-type@https://registry.npmjs.org/jest-get-type/-/jest-get-type-29.6.3.tgz 0ms (cache hit)
305 http cache pretty-format@https://registry.npmjs.org/pretty-format/-/pretty-format-29.7.0.tgz 0ms (cache hit)
306 http cache aria-query@https://registry.npmjs.org/aria-query/-/aria-query-5.3.0.tgz 1ms (cache hit)
307 http cache expect@https://registry.npmjs.org/expect/-/expect-29.7.0.tgz 0ms (cache hit)
308 http cache aria-query@https://registry.npmjs.org/aria-query/-/aria-query-5.1.3.tgz 0ms (cache hit)
309 http cache @testing-library/dom@https://registry.npmjs.org/@testing-library/dom/-/dom-8.20.1.tgz 0ms (cache hit)
310 http cache chalk@https://registry.npmjs.org/chalk/-/chalk-3.0.0.tgz 0ms (cache hit)
311 silly tarball no local data for @jest/expect-utils@https://registry.npmjs.org/@jest/expect-utils/-/expect-utils-29.7.0.tgz. Extracting by manifest.
312 silly tarball no local data for stop-iteration-iterator@https://registry.npmjs.org/stop-iteration-iterator/-/stop-iteration-iterator-1.0.0.tgz. Extracting by manifest.
313 silly tarball no local data for object-is@https://registry.npmjs.org/object-is/-/object-is-1.1.6.tgz. Extracting by manifest.
314 silly tarball no local data for is-arguments@https://registry.npmjs.org/is-arguments/-/is-arguments-1.1.1.tgz. Extracting by manifest.
315 silly tarball no local data for es-get-iterator@https://registry.npmjs.org/es-get-iterator/-/es-get-iterator-1.1.3.tgz. Extracting by manifest.
316 silly tarball no local data for deep-equal@https://registry.npmjs.org/deep-equal/-/deep-equal-2.2.3.tgz. Extracting by manifest.
317 silly tarball no local data for strip-indent@https://registry.npmjs.org/strip-indent/-/strip-indent-3.0.0.tgz. Extracting by manifest.
318 silly tarball no local data for dequal@https://registry.npmjs.org/dequal/-/dequal-2.0.3.tgz. Extracting by manifest.
319 silly tarball no local data for min-indent@https://registry.npmjs.org/min-indent/-/min-indent-1.0.1.tgz. Extracting by manifest.
320 silly tarball no local data for indent-string@https://registry.npmjs.org/indent-string/-/indent-string-4.0.0.tgz. Extracting by manifest.
321 silly tarball no local data for @types/jest@https://registry.npmjs.org/@types/jest/-/jest-29.5.14.tgz. Extracting by manifest.
322 silly tarball no local data for csstype@https://registry.npmjs.org/csstype/-/csstype-3.1.3.tgz. Extracting by manifest.
323 silly tarball no local data for @types/prop-types@https://registry.npmjs.org/@types/prop-types/-/prop-types-15.7.13.tgz. Extracting by manifest.
324 silly tarball no local data for @types/react@https://registry.npmjs.org/@types/react/-/react-18.3.12.tgz. Extracting by manifest.
325 silly tarball no local data for @types/react-dom@https://registry.npmjs.org/@types/react-dom/-/react-dom-18.3.1.tgz. Extracting by manifest.
326 silly tarball no local data for redent@https://registry.npmjs.org/redent/-/redent-3.0.0.tgz. Extracting by manifest.
327 silly tarball no local data for css.escape@https://registry.npmjs.org/css.escape/-/css.escape-1.5.1.tgz. Extracting by manifest.
328 silly tarball no local data for @adobe/css-tools@https://registry.npmjs.org/@adobe/css-tools/-/css-tools-4.4.1.tgz. Extracting by manifest.
329 silly tarball no local data for lz-string@https://registry.npmjs.org/lz-string/-/lz-string-1.5.0.tgz. Extracting by manifest.
330 silly tarball no local data for dom-accessibility-api@https://registry.npmjs.org/dom-accessibility-api/-/dom-accessibility-api-0.5.16.tgz. Extracting by manifest.
331 silly tarball no local data for @types/testing-library__jest-dom@https://registry.npmjs.org/@types/testing-library__jest-dom/-/testing-library__jest-dom-5.14.9.tgz. Extracting by manifest.
332 silly tarball no local data for @types/aria-query@https://registry.npmjs.org/@types/aria-query/-/aria-query-5.0.4.tgz. Extracting by manifest.
333 silly tarball no local data for web-vitals@https://registry.npmjs.org/web-vitals/-/web-vitals-2.1.4.tgz. Extracting by manifest.
334 silly tarball no local data for @testing-library/dom@https://registry.npmjs.org/@testing-library/dom/-/dom-10.4.0.tgz. Extracting by manifest.
335 silly tarball no local data for @testing-library/user-event@https://registry.npmjs.org/@testing-library/user-event/-/user-event-13.5.0.tgz. Extracting by manifest.
336 silly tarball no local data for @testing-library/react@https://registry.npmjs.org/@testing-library/react/-/react-13.4.0.tgz. Extracting by manifest.
337 silly tarball no local data for typescript@https://registry.npmjs.org/typescript/-/typescript-4.9.5.tgz. Extracting by manifest.
338 silly tarball no local data for @testing-library/jest-dom@https://registry.npmjs.org/@testing-library/jest-dom/-/jest-dom-5.17.0.tgz. Extracting by manifest.
339 silly tarball no local data for jest-get-type@https://registry.npmjs.org/jest-get-type/-/jest-get-type-29.6.3.tgz. Extracting by manifest.
340 silly tarball no local data for @sinclair/typebox@https://registry.npmjs.org/@sinclair/typebox/-/typebox-0.27.8.tgz. Extracting by manifest.
341 silly tarball no local data for @jest/schemas@https://registry.npmjs.org/@jest/schemas/-/schemas-29.6.3.tgz. Extracting by manifest.
342 silly tarball no local data for @jest/types@https://registry.npmjs.org/@jest/types/-/types-29.6.3.tgz. Extracting by manifest.
343 silly tarball no local data for diff-sequences@https://registry.npmjs.org/diff-sequences/-/diff-sequences-29.6.3.tgz. Extracting by manifest.
344 silly tarball no local data for jest-diff@https://registry.npmjs.org/jest-diff/-/jest-diff-29.7.0.tgz. Extracting by manifest.
345 silly tarball no local data for jest-util@https://registry.npmjs.org/jest-util/-/jest-util-29.7.0.tgz. Extracting by manifest.
346 silly tarball no local data for jest-matcher-utils@https://registry.npmjs.org/jest-matcher-utils/-/jest-matcher-utils-29.7.0.tgz. Extracting by manifest.
347 silly tarball no local data for jest-message-util@https://registry.npmjs.org/jest-message-util/-/jest-message-util-29.7.0.tgz. Extracting by manifest.
348 silly tarball no local data for jest-get-type@https://registry.npmjs.org/jest-get-type/-/jest-get-type-29.6.3.tgz. Extracting by manifest.
349 silly tarball no local data for pretty-format@https://registry.npmjs.org/pretty-format/-/pretty-format-29.7.0.tgz. Extracting by manifest.
350 silly tarball no local data for aria-query@https://registry.npmjs.org/aria-query/-/aria-query-5.3.0.tgz. Extracting by manifest.
351 silly tarball no local data for expect@https://registry.npmjs.org/expect/-/expect-29.7.0.tgz. Extracting by manifest.
352 silly tarball no local data for aria-query@https://registry.npmjs.org/aria-query/-/aria-query-5.1.3.tgz. Extracting by manifest.
353 silly tarball no local data for @testing-library/dom@https://registry.npmjs.org/@testing-library/dom/-/dom-8.20.1.tgz. Extracting by manifest.
354 silly tarball no local data for chalk@https://registry.npmjs.org/chalk/-/chalk-3.0.0.tgz. Extracting by manifest.
355 http fetch GET 200 https://registry.npmjs.org/stop-iteration-iterator/-/stop-iteration-iterator-1.0.0.tgz 637ms (cache miss)
356 http fetch GET 200 https://registry.npmjs.org/strip-indent/-/strip-indent-3.0.0.tgz 632ms (cache miss)
357 http fetch GET 200 https://registry.npmjs.org/redent/-/redent-3.0.0.tgz 642ms (cache miss)
358 http fetch GET 200 https://registry.npmjs.org/css.escape/-/css.escape-1.5.1.tgz 660ms (cache miss)
359 http fetch GET 200 https://registry.npmjs.org/@types/aria-query/-/aria-query-5.0.4.tgz 692ms (cache miss)
360 http fetch GET 200 https://registry.npmjs.org/min-indent/-/min-indent-1.0.1.tgz 725ms (cache miss)
361 http fetch GET 200 https://registry.npmjs.org/jest-get-type/-/jest-get-type-29.6.3.tgz 693ms (cache miss)
362 http fetch GET 200 https://registry.npmjs.org/@types/testing-library__jest-dom/-/testing-library__jest-dom-5.14.9.tgz 736ms (cache miss)
363 http fetch GET 200 https://registry.npmjs.org/indent-string/-/indent-string-4.0.0.tgz 766ms (cache miss)
364 http fetch GET 200 https://registry.npmjs.org/@types/prop-types/-/prop-types-15.7.13.tgz 774ms (cache miss)
365 http fetch GET 200 https://registry.npmjs.org/@jest/schemas/-/schemas-29.6.3.tgz 755ms (cache miss)
366 http fetch GET 200 https://registry.npmjs.org/jest-util/-/jest-util-29.7.0.tgz 752ms (cache miss)
367 http fetch GET 200 https://registry.npmjs.org/jest-matcher-utils/-/jest-matcher-utils-29.7.0.tgz 750ms (cache miss)
368 http fetch GET 200 https://registry.npmjs.org/jest-message-util/-/jest-message-util-29.7.0.tgz 751ms (cache miss)
369 http fetch GET 200 https://registry.npmjs.org/jest-get-type/-/jest-get-type-29.6.3.tgz 770ms (cache miss)
370 http fetch GET 200 https://registry.npmjs.org/@jest/expect-utils/-/expect-utils-29.7.0.tgz 902ms (cache miss)
371 http fetch GET 200 https://registry.npmjs.org/dequal/-/dequal-2.0.3.tgz 922ms (cache miss)
372 http fetch GET 200 https://registry.npmjs.org/@types/jest/-/jest-29.5.14.tgz 926ms (cache miss)
373 http fetch GET 200 https://registry.npmjs.org/is-arguments/-/is-arguments-1.1.1.tgz 940ms (cache miss)
374 http fetch GET 200 https://registry.npmjs.org/diff-sequences/-/diff-sequences-29.6.3.tgz 895ms (cache miss)
375 http fetch GET 200 https://registry.npmjs.org/@adobe/css-tools/-/css-tools-4.4.1.tgz 943ms (cache miss)
376 http fetch GET 200 https://registry.npmjs.org/deep-equal/-/deep-equal-2.2.3.tgz 987ms (cache miss)
377 http fetch GET 200 https://registry.npmjs.org/chalk/-/chalk-3.0.0.tgz 939ms (cache miss)
378 http fetch GET 200 https://registry.npmjs.org/object-is/-/object-is-1.1.6.tgz 1027ms (cache miss)
379 http fetch GET 200 https://registry.npmjs.org/@types/react-dom/-/react-dom-18.3.1.tgz 1013ms (cache miss)
380 http fetch GET 200 https://registry.npmjs.org/es-get-iterator/-/es-get-iterator-1.1.3.tgz 1039ms (cache miss)
381 http fetch GET 200 https://registry.npmjs.org/@jest/types/-/types-29.6.3.tgz 1005ms (cache miss)
382 http fetch GET 200 https://registry.npmjs.org/jest-diff/-/jest-diff-29.7.0.tgz 1019ms (cache miss)
383 http fetch GET 200 https://registry.npmjs.org/expect/-/expect-29.7.0.tgz 1014ms (cache miss)
384 http fetch GET 200 https://registry.npmjs.org/lz-string/-/lz-string-1.5.0.tgz 1096ms (cache miss)
385 http fetch GET 200 https://registry.npmjs.org/pretty-format/-/pretty-format-29.7.0.tgz 1063ms (cache miss)
386 http fetch GET 200 https://registry.npmjs.org/@types/react/-/react-18.3.12.tgz 1184ms (cache miss)
387 http fetch GET 200 https://registry.npmjs.org/csstype/-/csstype-3.1.3.tgz 1211ms (cache miss)
388 http fetch GET 200 https://registry.npmjs.org/@testing-library/jest-dom/-/jest-dom-5.17.0.tgz 1223ms (cache miss)
389 http fetch GET 200 https://registry.npmjs.org/@sinclair/typebox/-/typebox-0.27.8.tgz 1323ms (cache miss)
390 http fetch GET 200 https://registry.npmjs.org/dom-accessibility-api/-/dom-accessibility-api-0.5.16.tgz 1416ms (cache miss)
391 http fetch GET 200 https://registry.npmjs.org/web-vitals/-/web-vitals-2.1.4.tgz 1428ms (cache miss)
392 http fetch GET 200 https://registry.npmjs.org/@testing-library/react/-/react-13.4.0.tgz 1517ms (cache miss)
393 http fetch GET 200 https://registry.npmjs.org/@testing-library/dom/-/dom-10.4.0.tgz 1544ms (cache miss)
394 http fetch GET 200 https://registry.npmjs.org/@testing-library/dom/-/dom-8.20.1.tgz 1535ms (cache miss)
395 http fetch GET 200 https://registry.npmjs.org/@testing-library/user-event/-/user-event-13.5.0.tgz 1633ms (cache miss)
396 http fetch GET 200 https://registry.npmjs.org/aria-query/-/aria-query-5.3.0.tgz 1763ms (cache miss)
397 http fetch GET 200 https://registry.npmjs.org/aria-query/-/aria-query-5.1.3.tgz 1760ms (cache miss)
398 http fetch GET 200 https://registry.npmjs.org/typescript/-/typescript-4.9.5.tgz 2729ms (cache miss)
399 silly ADD node_modules/@jest/expect-utils
400 silly ADD node_modules/@jest/expect-utils/node_modules/jest-get-type
401 silly ADD node_modules/stop-iteration-iterator
402 silly ADD node_modules/object-is
403 silly ADD node_modules/is-arguments
404 silly ADD node_modules/es-get-iterator
405 silly ADD node_modules/deep-equal
406 silly ADD node_modules/dequal
407 silly ADD node_modules/min-indent
408 silly ADD node_modules/strip-indent
409 silly ADD node_modules/indent-string
410 silly ADD node_modules/@types/jest
411 silly ADD node_modules/@types/jest/node_modules/react-is
412 silly ADD node_modules/@types/jest/node_modules/ansi-styles
413 silly ADD node_modules/@types/jest/node_modules/@sinclair/typebox
414 silly ADD node_modules/@types/jest/node_modules/@types/yargs
415 silly ADD node_modules/@types/jest/node_modules/@jest/schemas
416 silly ADD node_modules/@types/jest/node_modules/@jest/types
417 silly ADD node_modules/@types/jest/node_modules/diff-sequences
418 silly ADD node_modules/@types/jest/node_modules/jest-diff
419 silly ADD node_modules/@types/jest/node_modules/jest-util
420 silly ADD node_modules/@types/jest/node_modules/jest-message-util
421 silly ADD node_modules/@types/jest/node_modules/jest-matcher-utils
422 silly ADD node_modules/@types/jest/node_modules/jest-get-type
423 silly ADD node_modules/@types/jest/node_modules/pretty-format
424 silly ADD node_modules/@types/jest/node_modules/expect
425 silly ADD node_modules/csstype
426 silly ADD node_modules/@types/prop-types
427 silly ADD node_modules/@types/react
428 silly ADD node_modules/@types/react-dom
429 silly ADD node_modules/redent
430 silly ADD node_modules/css.escape
431 silly ADD node_modules/@types/testing-library__jest-dom
432 silly ADD node_modules/@adobe/css-tools
433 silly ADD node_modules/lz-string
434 silly ADD node_modules/dom-accessibility-api
435 silly ADD node_modules/@types/aria-query
436 silly ADD node_modules/web-vitals
437 silly ADD node_modules/@testing-library/dom
438 silly ADD node_modules/@testing-library/dom/node_modules/aria-query
439 silly ADD node_modules/@testing-library/user-event
440 silly ADD node_modules/@testing-library/react
441 silly ADD node_modules/@testing-library/react/node_modules/aria-query
442 silly ADD node_modules/@testing-library/react/node_modules/@testing-library/dom
443 silly ADD node_modules/@testing-library/jest-dom
444 silly ADD node_modules/@testing-library/jest-dom/node_modules/chalk
445 silly ADD
446 silly CHANGE node_modules/typescript
447 verbose cwd C:\Users\Krishna jadhav\Desktop\web\reactLearnings\01basicreact
448 verbose os Windows_NT 10.0.22621
449 verbose node v20.17.0
450 verbose npm  v10.9.1
451 verbose exit 0
452 info ok
