0 verbose cli C:\Program Files\nodejs\node.exe C:\Program Files\nodejs\node_modules\npm\bin\npm-cli.js
1 info using npm@10.8.2
2 info using node@v20.17.0
3 silly config load:file:C:\Program Files\nodejs\node_modules\npm\npmrc
4 silly config load:file:C:\Users\Krishna jadhav\.npmrc
5 silly config load:file:C:\Users\Krishna jadhav\Desktop\web\reactLearnings\%APPDATA%\npm\etc\npmrc
6 verbose title npm install npm@10.9.1
7 verbose argv "install" "--global" "npm@10.9.1"
8 verbose logfile logs-max:10 dir:C:\Users\Krishna jadhav\Desktop\web\reactLearnings\%LOCALAPPDATA%\npm-cache\_logs\2024-12-02T13_29_47_169Z-
9 verbose logfile C:\Users\Krishna jadhav\Desktop\web\reactLearnings\%LOCALAPPDATA%\npm-cache\_logs\2024-12-02T13_29_47_169Z-debug-0.log
10 silly logfile done cleaning log files
11 http fetch GET 200 https://registry.npmjs.org/npm 362ms (cache miss)
12 silly packumentCache heap:2197815296 maxSize:549453824 maxEntrySize:274726912
13 silly idealTree buildDeps
14 silly fetch manifest npm@10.9.1
15 silly packumentCache full:https://registry.npmjs.org/npm cache-miss
16 http fetch GET 200 https://registry.npmjs.org/npm 1090ms (cache miss)
17 silly packumentCache full:https://registry.npmjs.org/npm set size:undefined disposed:false
18 silly placeDep ROOT npm@10.9.1 OK for:  want: 10.9.1
19 silly reify moves {}
20 silly tarball no local data for npm@https://registry.npmjs.org/npm/-/npm-10.9.1.tgz. Extracting by manifest.
21 http fetch GET 200 https://registry.npmjs.org/npm/-/npm-10.9.1.tgz 7658ms (cache miss)
22 silly ADD node_modules/npm
23 verbose cwd C:\Users\Krishna jadhav\Desktop\web\reactLearnings
24 verbose os Windows_NT 10.0.22621
25 verbose node v20.17.0
26 verbose npm  v10.8.2
27 verbose exit 0
28 info ok
